#
# A fatal error has been detected by the Java Runtime Environment:
#
#  SIGSEGV (0xb) at pc=0x00007fff827c74e9, pid=61524, tid=2571
#
# JRE version: Java(TM) SE Runtime Environment (8.0_20-b26) (build 1.8.0_20-b26)
# Java VM: Java HotSpot(TM) 64-Bit Server VM (25.20-b23 mixed mode bsd-amd64 compressed oops)
# Problematic frame:
# C  [libobjc.A.dylib+0x14e9]  objc_msgSend+0x29
#
# Failed to write core dump. Core dumps have been disabled. To enable core dumping, try "ulimit -c unlimited" before starting Java again
#
# If you would like to submit a bug report, please visit:
#   http://bugreport.sun.com/bugreport/crash.jsp
# The crash happened outside the Java Virtual Machine in native code.
# See problematic frame for where to report the bug.
#

---------------  T H R E A D  ---------------

Current thread (0x00007ff8d30cc800):  JavaThread "AppKit Thread" daemon [_thread_in_native, id=2571, stack(0x00007fff51695000,0x00007fff51e95000)]

siginfo: si_signo: 11 (SIGSEGV), si_code: 1 (SEGV_MAPERR), si_addr: 0x0000000000000000

Registers:
RAX=0x0000000000000000, RBX=0x00007ff8d1f66f70, RCX=0x0000000127cd0be0, RDX=0x0000000127cd05e0
RSP=0x00007fff51e8f478, RBP=0x00007fff51e8f4a0, RSI=0x00007fff95f71245, RDI=0x00007ff8d1e54e40
R8 =0x000000000000001f, R9 =0xffffffffffffffff, R10=0x0000000000000000, R11=0x00007ff8d2007000
R12=0x0000000000000094, R13=0x00007ff8d1e52b10, R14=0x00007ff8d1e54e40, R15=0x0000000000000000
RIP=0x00007fff827c74e9, EFLAGS=0x0000000000010246, ERR=0x0000000000000004
  TRAPNO=0x000000000000000e

Top of Stack: (sp=0x00007fff51e8f478)
0x00007fff51e8f478:   000000012986c598 00007ff8d1f66f70
0x00007fff51e8f488:   00000001298a0c60 00007ff8d1e52b10
0x00007fff51e8f498:   00007ff8d1f66f70 00007fff51e8f980
0x00007fff51e8f4a8:   00007fff955c07c3 0000000000000000
0x00007fff51e8f4b8:   0000000000000000 408e000000000000
0x00007fff51e8f4c8:   4080e00000000000 0000000000000000
0x00007fff51e8f4d8:   0000000000000000 408e000000000000
0x00007fff51e8f4e8:   4080e00000000000 0000000000000000
0x00007fff51e8f4f8:   0000000000000000 408e000000000000
0x00007fff51e8f508:   4081900000000000 401c000000000000
0x00007fff51e8f518:   4080f80000000000 0000000000000000
0x00007fff51e8f528:   0000000000000000 00007fff95f307e1
0x00007fff51e8f538:   4080f80000000000 402c000000000000
0x00007fff51e8f548:   00007ff8d1f68ee0 0000000100000000
0x00007fff51e8f558:   0000000000000000 00007ff8d1e53270
0x00007fff51e8f568:   0000000000000000 0000000000000000
0x00007fff51e8f578:   00007fff51e8f700 00007fff51e8f6d0
0x00007fff51e8f588:   00007fff955c5050 401c000000000000
0x00007fff51e8f598:   4080f80000000000 00007fff51e8f6d0
0x00007fff51e8f5a8:   00007fff955c7302 401c000000000000
0x00007fff51e8f5b8:   4080f80000000000 402c000000000000
0x00007fff51e8f5c8:   4030000000000000 0000000000000000
0x00007fff51e8f5d8:   0000000000000000 408e000000000000
0x00007fff51e8f5e8:   4081900000000000 401c000000000000
0x00007fff51e8f5f8:   4080f80000000000 402c000000000000
0x00007fff51e8f608:   4030000000000000 0000000000000000
0x00007fff51e8f618:   0000000000000000 000000010dd8a800
0x00007fff51e8f628:   0000000000000013 00007ff8d1da40c0
0x00007fff51e8f638:   0000000000000003 0000000000000a40
0x00007fff51e8f648:   000000010dd85000 00007fff51e8f6f0
0x00007fff51e8f658:   00007fff80c13dfc 0000000000000000
0x00007fff51e8f668:   0000000000000000 0000000000000a41 

Instructions: (pc=0x00007fff827c74e9)
0x00007fff827c74c9:   01 2e 75 66 49 bb f8 ff ff ff ff 7f 00 00 4c 23
0x00007fff827c74d9:   1f 49 89 f2 45 23 53 18 49 c1 e2 04 4d 03 53 10
0x00007fff827c74e9:   49 3b 32 75 04 41 ff 62 08 49 83 3a 01 76 0d 49
0x00007fff827c74f9:   83 c2 10 49 3b 32 75 f1 41 ff 62 08 72 40 4d 8b 

Register to memory mapping:

RAX=0x0000000000000000 is an unknown value
RBX=0x00007ff8d1f66f70 is an unknown value
RCX=0x0000000127cd0be0 is an unknown value
RDX=0x0000000127cd05e0 is an unknown value
RSP=0x00007fff51e8f478 is pointing into the stack for thread: 0x00007ff8d30cc800
RBP=0x00007fff51e8f4a0 is pointing into the stack for thread: 0x00007ff8d30cc800
RSI=0x00007fff95f71245: -[NSTitlebarContainerView transparent]+0x6302d in /System/Library/Frameworks/AppKit.framework/Versions/C/AppKit at 0x00007fff954e9000
RDI=0x00007ff8d1e54e40 is an unknown value
R8 =0x000000000000001f is an unknown value
R9 =0xffffffffffffffff is an unknown value
R10=0x0000000000000000 is an unknown value
R11=0x00007ff8d2007000 is a thread
R12=0x0000000000000094 is an unknown value
R13=0x00007ff8d1e52b10 is an unknown value
R14=0x00007ff8d1e54e40 is an unknown value
R15=0x0000000000000000 is an unknown value


Stack: [0x00007fff51695000,0x00007fff51e95000],  sp=0x00007fff51e8f478,  free space=8169k
Native frames: (J=compiled Java code, j=interpreted, Vv=VM code, C=native code)
C  [libobjc.A.dylib+0x14e9]  objc_msgSend+0x29
C  [AppKit+0xd77c3]  -[NSView _recursiveDisplayRectIfNeededIgnoringOpacity:isVisibleRect:rectIsVisibleRectForView:topView:]+0x6e2
C  [AppKit+0xd87b1]  -[NSView _recursiveDisplayRectIfNeededIgnoringOpacity:isVisibleRect:rectIsVisibleRectForView:topView:]+0x16d0
C  [AppKit+0xd6c0c]  -[NSThemeFrame _recursiveDisplayRectIfNeededIgnoringOpacity:isVisibleRect:rectIsVisibleRectForView:topView:]+0x14e
C  [AppKit+0xd31ef]  -[NSView _displayRectIgnoringOpacity:isVisibleRect:rectIsVisibleRectForView:]+0x991
C  [AppKit+0x8d971]  -[NSView displayIfNeeded]+0x79e
C  [AppKit+0x8d19c]  -[NSWindow displayIfNeeded]+0xe8
C  [AppKit+0x8096da]  ___NSWindowGetDisplayCycleObserver_block_invoke6367+0x1dc
C  [AppKit+0x4500d6]  __37+[NSDisplayCycle currentDisplayCycle]_block_invoke+0x2e2
C  [QuartzCore+0x173b5d]  CA::Transaction::run_commit_handlers(CATransactionPhase)+0x55
C  [QuartzCore+0xdc7c]  CA::Context::commit_transaction(CA::Transaction*)+0xa0
C  [QuartzCore+0xda24]  CA::Transaction::commit()+0x1fc
C  [QuartzCore+0x1c917]  CA::Transaction::observer_callback(__CFRunLoopObserver*, unsigned long, void*)+0x47
C  [CoreFoundation+0x7de37]  __CFRUNLOOP_IS_CALLING_OUT_TO_AN_OBSERVER_CALLBACK_FUNCTION__+0x17
C  [CoreFoundation+0x7dda7]  __CFRunLoopDoObservers+0x187
C  [CoreFoundation+0x6f358]  CFRunLoopRunSpecific+0x148
C  [HIToolbox+0x30935]  RunCurrentEventLoopInMode+0xeb
C  [HIToolbox+0x30677]  ReceiveNextEventCommon+0xb8
C  [HIToolbox+0x305af]  _BlockUntilNextEventMatchingListInModeWithFilter+0x47
C  [AppKit+0x8a0ee]  _DPSNextEvent+0x42b
C  [AppKit+0x456943]  -[NSApplication _nextEventMatchingEventMask:untilDate:inMode:dequeue:]+0x1c6
C  [libosxapp.dylib+0x242a]  -[NSApplicationAWT nextEventMatchingMask:untilDate:inMode:dequeue:]+0x7c
C  [AppKit+0x7ffc8]  -[NSApplication run]+0x2aa
C  [libosxapp.dylib+0x223e]  +[NSApplicationAWT runAWTLoopWithApp:]+0x9c
C  [libawt_lwawt.dylib+0x4494f]  -[AWTStarter starter:]+0x389
C  [Foundation+0x8dd4b]  __NSThreadPerformPerform+0x117
C  [CoreFoundation+0x7e5c1]  __CFRUNLOOP_IS_CALLING_OUT_TO_A_SOURCE0_PERFORM_FUNCTION__+0x11
C  [CoreFoundation+0x7041c]  __CFRunLoopDoSources0+0x22c
C  [CoreFoundation+0x6f93f]  __CFRunLoopRun+0x39f
C  [CoreFoundation+0x6f338]  CFRunLoopRunSpecific+0x128
C  [java+0x56cc]  CreateExecutionEnvironment+0x367
C  [java+0x165c]  JLI_Launch+0x7a0
C  [java+0x768a]  main+0x65
C  [java+0xeb4]  start+0x34
C  0x0000000000000009


---------------  P R O C E S S  ---------------

Java Threads: ( => current thread )
  0x00007ff8d3a44800 JavaThread "Java2D Queue Flusher" daemon [_thread_blocked, id=65287, stack(0x000070000155f000,0x000070000165f000)]
  0x00007ff8d29bf000 JavaThread "Java2D Disposer" daemon [_thread_blocked, id=64263, stack(0x000070000145c000,0x000070000155c000)]
  0x00007ff8d28cc800 JavaThread "AWT-Shutdown" [_thread_blocked, id=27179, stack(0x00007000012d6000,0x00007000013d6000)]
=>0x00007ff8d30cc800 JavaThread "AppKit Thread" daemon [_thread_in_native, id=2571, stack(0x00007fff51695000,0x00007fff51e95000)]
  0x00007ff8d305a000 JavaThread "Monitor Ctrl-Break" daemon [_thread_in_native, id=19459, stack(0x0000700000fc7000,0x00007000010c7000)]
  0x00007ff8d3054800 JavaThread "Service Thread" daemon [_thread_blocked, id=18435, stack(0x0000700000dc1000,0x0000700000ec1000)]
  0x00007ff8d382f000 JavaThread "C1 CompilerThread2" daemon [_thread_blocked, id=17923, stack(0x0000700000cbe000,0x0000700000dbe000)]
  0x00007ff8d3810000 JavaThread "C2 CompilerThread1" daemon [_thread_blocked, id=17411, stack(0x0000700000bbb000,0x0000700000cbb000)]
  0x00007ff8d3027000 JavaThread "C2 CompilerThread0" daemon [_thread_blocked, id=16899, stack(0x0000700000ab8000,0x0000700000bb8000)]
  0x00007ff8d3813800 JavaThread "Signal Dispatcher" daemon [_thread_blocked, id=12815, stack(0x00007000009b5000,0x0000700000ab5000)]
  0x00007ff8d2817000 JavaThread "Finalizer" daemon [_thread_blocked, id=12291, stack(0x000070000082f000,0x000070000092f000)]
  0x00007ff8d2018000 JavaThread "Reference Handler" daemon [_thread_blocked, id=11779, stack(0x000070000072c000,0x000070000082c000)]
  0x00007ff8d2007000 JavaThread "main" [_thread_in_native, id=5891, stack(0x000070000011a000,0x000070000021a000)]

Other Threads:
  0x00007ff8d301e000 VMThread [stack: 0x0000700000629000,0x0000700000729000] [id=11267]
  0x00007ff8d3055800 WatcherThread [stack: 0x0000700000ec4000,0x0000700000fc4000] [id=18947]

VM state:not at safepoint (normal execution)

VM Mutex/Monitor currently owned by a thread: None

Heap:
 PSYoungGen      total 38400K, used 21314K [0x0000000795580000, 0x0000000798000000, 0x00000007c0000000)
  eden space 33280K, 64% used [0x0000000795580000,0x0000000796a509e8,0x0000000797600000)
  from space 5120K, 0% used [0x0000000797b00000,0x0000000797b00000,0x0000000798000000)
  to   space 5120K, 0% used [0x0000000797600000,0x0000000797600000,0x0000000797b00000)
 ParOldGen       total 87552K, used 0K [0x0000000740000000, 0x0000000745580000, 0x0000000795580000)
  object space 87552K, 0% used [0x0000000740000000,0x0000000740000000,0x0000000745580000)
 Metaspace       used 9624K, capacity 9761K, committed 10112K, reserved 1058816K
  class space    used 1020K, capacity 1053K, committed 1152K, reserved 1048576K

Card table byte_map: [0x000000011ecdb000,0x000000011f0dc000] byte_map_base: 0x000000011b2db000

Marking Bits: (ParMarkBitMap*) 0x000000010f29c330
 Begin Bits: [0x000000011f387000, 0x0000000121387000)
 End Bits:   [0x0000000121387000, 0x0000000123387000)

Polling page: 0x000000010e10a000

CodeCache: size=245760Kb used=3077Kb max_used=3088Kb free=242682Kb
 bounds [0x000000010f91b000, 0x000000010fc2b000, 0x000000011e91b000]
 total_blobs=1318 nmethods=805 adapters=428
 compilation: enabled

Compilation events (10 events):
Event: 9.544 Thread 0x00007ff8d382f000  798   !   3       org.lwjgl.input.Keyboard::poll (47 bytes)
Event: 9.545 Thread 0x00007ff8d382f000 nmethod 798 0x000000010fc18410 code [0x000000010fc186a0, 0x000000010fc19968]
Event: 9.560 Thread 0x00007ff8d382f000  799       3       java.nio.ByteBuffer::put (55 bytes)
Event: 9.560 Thread 0x00007ff8d382f000 nmethod 799 0x000000010fc1a4d0 code [0x000000010fc1a680, 0x000000010fc1ac68]
Event: 9.560 Thread 0x00007ff8d382f000  802       3       java.util.LinkedHashMap::afterNodeAccess (116 bytes)
Event: 9.561 Thread 0x00007ff8d382f000 nmethod 802 0x000000010fc1af50 code [0x000000010fc1b0e0, 0x000000010fc1b5b0]
Event: 9.561 Thread 0x00007ff8d382f000  800   !   3       org.lwjgl.opengl.Display::isCloseRequested (38 bytes)
Event: 9.561 Thread 0x00007ff8d382f000 nmethod 800 0x000000010fc1b710 code [0x000000010fc1b8c0, 0x000000010fc1c068]
Event: 9.561 Thread 0x00007ff8d382f000  801   !   3       org.lwjgl.opengl.MacOSXDisplay::isCloseRequested (26 bytes)
Event: 9.562 Thread 0x00007ff8d382f000 nmethod 801 0x000000010fc1c390 code [0x000000010fc1c500, 0x000000010fc1c7f0]

GC Heap History (0 events):
No events

Deoptimization events (4 events):
Event: 5.121 Thread 0x00007ff8d2007000 Uncommon trap: reason=class_check action=maybe_recompile pc=0x000000010fb30a04 method=java.util.HashMap.putVal(ILjava/lang/Object;Ljava/lang/Object;ZZ)Ljava/lang/Object; @ 253
Event: 5.121 Thread 0x00007ff8d2007000 Uncommon trap: reason=class_check action=maybe_recompile pc=0x000000010fb30a04 method=java.util.HashMap.putVal(ILjava/lang/Object;Ljava/lang/Object;ZZ)Ljava/lang/Object; @ 253
Event: 5.121 Thread 0x00007ff8d2007000 Uncommon trap: reason=class_check action=maybe_recompile pc=0x000000010fb30a04 method=java.util.HashMap.putVal(ILjava/lang/Object;Ljava/lang/Object;ZZ)Ljava/lang/Object; @ 253
Event: 5.121 Thread 0x00007ff8d2007000 Uncommon trap: reason=class_check action=maybe_recompile pc=0x000000010fb30a04 method=java.util.HashMap.putVal(ILjava/lang/Object;Ljava/lang/Object;ZZ)Ljava/lang/Object; @ 253

Internal exceptions (10 events):
Event: 5.071 Thread 0x00007ff8d2007000 Exception <a 'java/security/PrivilegedActionException'> (0x0000000796858898) thrown at [/HUDSON3/workspace/8-2-build-macosx-x86_64/jdk8u20/1074/hotspot/src/share/vm/prims/jvm.cpp, line 1275]
Event: 5.071 Thread 0x00007ff8d2007000 Exception <a 'java/security/PrivilegedActionException'> (0x000000079685eea0) thrown at [/HUDSON3/workspace/8-2-build-macosx-x86_64/jdk8u20/1074/hotspot/src/share/vm/prims/jvm.cpp, line 1275]
Event: 5.268 Thread 0x00007ff8d2007000 Exception <a 'java/security/PrivilegedActionException'> (0x00000007969aae58) thrown at [/HUDSON3/workspace/8-2-build-macosx-x86_64/jdk8u20/1074/hotspot/src/share/vm/prims/jvm.cpp, line 1275]
Event: 5.269 Thread 0x00007ff8d2007000 Exception <a 'java/security/PrivilegedActionException'> (0x00000007969aecf0) thrown at [/HUDSON3/workspace/8-2-build-macosx-x86_64/jdk8u20/1074/hotspot/src/share/vm/prims/jvm.cpp, line 1275]
Event: 5.292 Thread 0x00007ff8d2007000 Exception <a 'java/security/PrivilegedActionException'> (0x00000007969b3180) thrown at [/HUDSON3/workspace/8-2-build-macosx-x86_64/jdk8u20/1074/hotspot/src/share/vm/prims/jvm.cpp, line 1275]
Event: 5.292 Thread 0x00007ff8d2007000 Exception <a 'java/security/PrivilegedActionException'> (0x00000007969b6f78) thrown at [/HUDSON3/workspace/8-2-build-macosx-x86_64/jdk8u20/1074/hotspot/src/share/vm/prims/jvm.cpp, line 1275]
Event: 5.293 Thread 0x00007ff8d2007000 Exception <a 'java/security/PrivilegedActionException'> (0x00000007969bb240) thrown at [/HUDSON3/workspace/8-2-build-macosx-x86_64/jdk8u20/1074/hotspot/src/share/vm/prims/jvm.cpp, line 1275]
Event: 5.295 Thread 0x00007ff8d2007000 Exception <a 'java/security/PrivilegedActionException'> (0x00000007969c3680) thrown at [/HUDSON3/workspace/8-2-build-macosx-x86_64/jdk8u20/1074/hotspot/src/share/vm/prims/jvm.cpp, line 1275]
Event: 5.301 Thread 0x00007ff8d2007000 Exception <a 'java/security/PrivilegedActionException'> (0x00000007969c7018) thrown at [/HUDSON3/workspace/8-2-build-macosx-x86_64/jdk8u20/1074/hotspot/src/share/vm/prims/jvm.cpp, line 1275]
Event: 9.619 Thread 0x00007ff8d2007000 Exception <a 'java/security/PrivilegedActionException'> (0x0000000796a08628) thrown at [/HUDSON3/workspace/8-2-build-macosx-x86_64/jdk8u20/1074/hotspot/src/share/vm/prims/jvm.cpp, line 1275]

Events (10 events):
Event: 5.293 loading class org/newdawn/slick/Music
Event: 5.293 loading class org/newdawn/slick/Music done
Event: 5.295 loading class com/Torvald/Terrarum/MapDrawer
Event: 5.295 loading class com/Torvald/Terrarum/MapDrawer done
Event: 5.299 loading class java/util/LinkedList$ListItr
Event: 5.299 loading class java/util/LinkedList$ListItr done
Event: 5.300 loading class org/newdawn/slick/AngelCodeFont$DisplayList
Event: 5.300 loading class org/newdawn/slick/AngelCodeFont$DisplayList done
Event: 9.618 loading class org/lwjgl/opengl/CallbackUtil
Event: 9.618 loading class org/lwjgl/opengl/CallbackUtil done


Dynamic libraries:
0x00000000005e7000 	/System/Library/Frameworks/Cocoa.framework/Versions/A/Cocoa
0x00000000005e7000 	/System/Library/Frameworks/Security.framework/Versions/A/Security
0x00000000005e7000 	/System/Library/Frameworks/ApplicationServices.framework/Versions/A/ApplicationServices
0x00000000005e7000 	/usr/lib/libz.1.dylib
0x00000000005e7000 	/usr/lib/libSystem.B.dylib
0x00000000005e7000 	/usr/lib/libobjc.A.dylib
0x00000000005e7000 	/System/Library/Frameworks/CoreFoundation.framework/Versions/A/CoreFoundation
0x00000000005e7000 	/System/Library/Frameworks/Foundation.framework/Versions/C/Foundation
0x00000000005e7000 	/System/Library/Frameworks/AppKit.framework/Versions/C/AppKit
0x00000000005e7000 	/System/Library/Frameworks/CoreData.framework/Versions/A/CoreData
0x00000000005e7000 	/System/Library/PrivateFrameworks/RemoteViewServices.framework/Versions/A/RemoteViewServices
0x00000000005e7000 	/System/Library/PrivateFrameworks/UIFoundation.framework/Versions/A/UIFoundation
0x00000000005e7000 	/usr/lib/libScreenReader.dylib
0x00000000005e7000 	/System/Library/Frameworks/Accelerate.framework/Versions/A/Accelerate
0x00000000005e7000 	/System/Library/Frameworks/IOSurface.framework/Versions/A/IOSurface
0x00000000005e7000 	/System/Library/Frameworks/AudioToolbox.framework/Versions/A/AudioToolbox
0x00000000005e7000 	/System/Library/Frameworks/AudioUnit.framework/Versions/A/AudioUnit
0x00000000005e7000 	/System/Library/PrivateFrameworks/DataDetectorsCore.framework/Versions/A/DataDetectorsCore
0x00000000005e7000 	/System/Library/PrivateFrameworks/DesktopServicesPriv.framework/Versions/A/DesktopServicesPriv
0x00000000005e7000 	/System/Library/Frameworks/Carbon.framework/Versions/A/Frameworks/HIToolbox.framework/Versions/A/HIToolbox
0x00000000005e7000 	/System/Library/Frameworks/QuartzCore.framework/Versions/A/QuartzCore
0x00000000005e7000 	/System/Library/Frameworks/Carbon.framework/Versions/A/Frameworks/SpeechRecognition.framework/Versions/A/SpeechRecognition
0x00000000005e7000 	/usr/lib/libauto.dylib
0x00000000005e7000 	/usr/lib/libicucore.A.dylib
0x00000000005e7000 	/usr/lib/libxml2.2.dylib
0x00000000005e7000 	/System/Library/PrivateFrameworks/CoreUI.framework/Versions/A/CoreUI
0x00000000005e7000 	/System/Library/Frameworks/CoreAudio.framework/Versions/A/CoreAudio
0x00000000005e7000 	/System/Library/Frameworks/DiskArbitration.framework/Versions/A/DiskArbitration
0x00000000005e7000 	/usr/lib/liblangid.dylib
0x00000000005e7000 	/System/Library/PrivateFrameworks/MultitouchSupport.framework/Versions/A/MultitouchSupport
0x00000000005e7000 	/System/Library/Frameworks/IOKit.framework/Versions/A/IOKit
0x00000000005e7000 	/usr/lib/libDiagnosticMessagesClient.dylib
0x00000000005e7000 	/System/Library/Frameworks/CoreServices.framework/Versions/A/CoreServices
0x00000000005e7000 	/System/Library/PrivateFrameworks/PerformanceAnalysis.framework/Versions/A/PerformanceAnalysis
0x00000000005e7000 	/System/Library/PrivateFrameworks/GenerationalStorage.framework/Versions/A/GenerationalStorage
0x00000000005e7000 	/System/Library/Frameworks/OpenGL.framework/Versions/A/OpenGL
0x00000000005e7000 	/System/Library/PrivateFrameworks/Sharing.framework/Versions/A/Sharing
0x00000000005e7000 	/System/Library/Frameworks/CoreGraphics.framework/Versions/A/CoreGraphics
0x00000000005e7000 	/System/Library/Frameworks/CoreImage.framework/Versions/A/CoreImage
0x00000000005e7000 	/System/Library/Frameworks/CoreText.framework/Versions/A/CoreText
0x00000000005e7000 	/System/Library/Frameworks/ImageIO.framework/Versions/A/ImageIO
0x00000000005e7000 	/System/Library/PrivateFrameworks/Backup.framework/Versions/A/Backup
0x00000000005e7000 	/usr/lib/libextension.dylib
0x00000000005e7000 	/usr/lib/libarchive.2.dylib
0x00000000005e7000 	/System/Library/Frameworks/CFNetwork.framework/Versions/A/CFNetwork
0x00000000005e7000 	/System/Library/Frameworks/SystemConfiguration.framework/Versions/A/SystemConfiguration
0x00000000005e7000 	/usr/lib/libCRFSuite.dylib
0x00000000005e7000 	/usr/lib/libc++.1.dylib
0x00000000005e7000 	/usr/lib/libc++abi.dylib
0x00000000005e7000 	/usr/lib/system/libcache.dylib
0x00000000005e7000 	/usr/lib/system/libcommonCrypto.dylib
0x00000000005e7000 	/usr/lib/system/libcompiler_rt.dylib
0x00000000005e7000 	/usr/lib/system/libcopyfile.dylib
0x00000000005e7000 	/usr/lib/system/libcorecrypto.dylib
0x00000000005e7000 	/usr/lib/system/libdispatch.dylib
0x00000000005e7000 	/usr/lib/system/libdyld.dylib
0x00000000005e7000 	/usr/lib/system/libkeymgr.dylib
0x00000000005e7000 	/usr/lib/system/liblaunch.dylib
0x00000000005e7000 	/usr/lib/system/libmacho.dylib
0x00000000005e7000 	/usr/lib/system/libquarantine.dylib
0x00000000005e7000 	/usr/lib/system/libremovefile.dylib
0x00000000005e7000 	/usr/lib/system/libsystem_asl.dylib
0x00000000005e7000 	/usr/lib/system/libsystem_blocks.dylib
0x00000000005e7000 	/usr/lib/system/libsystem_c.dylib
0x00000000005e7000 	/usr/lib/system/libsystem_configuration.dylib
0x00000000005e7000 	/usr/lib/system/libsystem_coreservices.dylib
0x00000000005e7000 	/usr/lib/system/libsystem_coretls.dylib
0x00000000005e7000 	/usr/lib/system/libsystem_dnssd.dylib
0x00000000005e7000 	/usr/lib/system/libsystem_info.dylib
0x00000000005e7000 	/usr/lib/system/libsystem_kernel.dylib
0x00000000005e7000 	/usr/lib/system/libsystem_m.dylib
0x00000000005e7000 	/usr/lib/system/libsystem_malloc.dylib
0x00000000005e7000 	/usr/lib/system/libsystem_network.dylib
0x00000000005e7000 	/usr/lib/system/libsystem_networkextension.dylib
0x00000000005e7000 	/usr/lib/system/libsystem_notify.dylib
0x00000000005e7000 	/usr/lib/system/libsystem_platform.dylib
0x00000000005e7000 	/usr/lib/system/libsystem_pthread.dylib
0x00000000005e7000 	/usr/lib/system/libsystem_sandbox.dylib
0x00000000005e7000 	/usr/lib/system/libsystem_secinit.dylib
0x00000000005e7000 	/usr/lib/system/libsystem_trace.dylib
0x00000000005e7000 	/usr/lib/system/libunc.dylib
0x00000000005e7000 	/usr/lib/system/libunwind.dylib
0x00000000005e7000 	/usr/lib/system/libxpc.dylib
0x00000000005e7000 	/usr/lib/libenergytrace.dylib
0x00000000005e7000 	/usr/lib/libbsm.0.dylib
0x00000000005e7000 	/usr/lib/system/libkxld.dylib
0x00000000005e7000 	/usr/lib/libxar.1.dylib
0x00000000005e7000 	/usr/lib/libsqlite3.dylib
0x00000000005e7000 	/usr/lib/libpam.2.dylib
0x00000000005e7000 	/usr/lib/libOpenScriptingUtil.dylib
0x00000000005e7000 	/usr/lib/libbz2.1.0.dylib
0x00000000005e7000 	/usr/lib/liblzma.5.dylib
0x00000000005e7000 	/System/Library/Frameworks/CoreServices.framework/Versions/A/Frameworks/FSEvents.framework/Versions/A/FSEvents
0x00000000005e7000 	/System/Library/Frameworks/CoreServices.framework/Versions/A/Frameworks/CarbonCore.framework/Versions/A/CarbonCore
0x00000000005e7000 	/System/Library/Frameworks/CoreServices.framework/Versions/A/Frameworks/Metadata.framework/Versions/A/Metadata
0x00000000005e7000 	/System/Library/Frameworks/CoreServices.framework/Versions/A/Frameworks/OSServices.framework/Versions/A/OSServices
0x00000000005e7000 	/System/Library/Frameworks/CoreServices.framework/Versions/A/Frameworks/SearchKit.framework/Versions/A/SearchKit
0x00000000005e7000 	/System/Library/Frameworks/CoreServices.framework/Versions/A/Frameworks/AE.framework/Versions/A/AE
0x00000000005e7000 	/System/Library/Frameworks/CoreServices.framework/Versions/A/Frameworks/LaunchServices.framework/Versions/A/LaunchServices
0x00000000005e7000 	/System/Library/Frameworks/CoreServices.framework/Versions/A/Frameworks/DictionaryServices.framework/Versions/A/DictionaryServices
0x00000000005e7000 	/System/Library/Frameworks/CoreServices.framework/Versions/A/Frameworks/SharedFileList.framework/Versions/A/SharedFileList
0x00000000005e7000 	/System/Library/Frameworks/NetFS.framework/Versions/A/NetFS
0x00000000005e7000 	/System/Library/PrivateFrameworks/NetAuth.framework/Versions/A/NetAuth
0x00000000005e7000 	/System/Library/PrivateFrameworks/login.framework/Versions/A/Frameworks/loginsupport.framework/Versions/A/loginsupport
0x00000000005e7000 	/System/Library/PrivateFrameworks/TCC.framework/Versions/A/TCC
0x00000000005e7000 	/usr/lib/libmecabra.dylib
0x00000000005e7000 	/System/Library/Frameworks/ApplicationServices.framework/Versions/A/Frameworks/ATS.framework/Versions/A/ATS
0x00000000005e7000 	/System/Library/Frameworks/ApplicationServices.framework/Versions/A/Frameworks/ColorSync.framework/Versions/A/ColorSync
0x00000000005e7000 	/System/Library/Frameworks/ApplicationServices.framework/Versions/A/Frameworks/HIServices.framework/Versions/A/HIServices
0x00000000005e7000 	/System/Library/Frameworks/ApplicationServices.framework/Versions/A/Frameworks/LangAnalysis.framework/Versions/A/LangAnalysis
0x00000000005e7000 	/System/Library/Frameworks/ApplicationServices.framework/Versions/A/Frameworks/PrintCore.framework/Versions/A/PrintCore
0x00000000005e7000 	/System/Library/Frameworks/ApplicationServices.framework/Versions/A/Frameworks/QD.framework/Versions/A/QD
0x00000000005e7000 	/System/Library/Frameworks/ApplicationServices.framework/Versions/A/Frameworks/SpeechSynthesis.framework/Versions/A/SpeechSynthesis
0x00000000005e7000 	/System/Library/Frameworks/Metal.framework/Versions/A/Metal
0x00000000005e7000 	/System/Library/Frameworks/Accelerate.framework/Versions/A/Frameworks/vImage.framework/Versions/A/vImage
0x00000000005e7000 	/System/Library/Frameworks/Accelerate.framework/Versions/A/Frameworks/vecLib.framework/Versions/A/vecLib
0x00000000005e7000 	/System/Library/Frameworks/Accelerate.framework/Versions/A/Frameworks/vecLib.framework/Versions/A/libvDSP.dylib
0x00000000005e7000 	/System/Library/Frameworks/Accelerate.framework/Versions/A/Frameworks/vecLib.framework/Versions/A/libvMisc.dylib
0x00000000005e7000 	/System/Library/Frameworks/Accelerate.framework/Versions/A/Frameworks/vecLib.framework/Versions/A/libLAPACK.dylib
0x00000000005e7000 	/System/Library/Frameworks/Accelerate.framework/Versions/A/Frameworks/vecLib.framework/Versions/A/libBLAS.dylib
0x00000000005e7000 	/System/Library/Frameworks/Accelerate.framework/Versions/A/Frameworks/vecLib.framework/Versions/A/libLinearAlgebra.dylib
0x00000000005e7000 	/System/Library/Frameworks/Accelerate.framework/Versions/A/Frameworks/vecLib.framework/Versions/A/libSparseBLAS.dylib
0x00000000005e7000 	/System/Library/PrivateFrameworks/GPUCompiler.framework/libmetal_timestamp.dylib
0x00000000005e7000 	/System/Library/Frameworks/OpenGL.framework/Versions/A/Libraries/libCoreFSCache.dylib
0x00000000005e7000 	/System/Library/PrivateFrameworks/IOAccelerator.framework/Versions/A/IOAccelerator
0x00000000005e7000 	/System/Library/Frameworks/ApplicationServices.framework/Versions/A/Frameworks/ATS.framework/Versions/A/Resources/libFontParser.dylib
0x00000000005e7000 	/System/Library/Frameworks/ApplicationServices.framework/Versions/A/Frameworks/ATS.framework/Versions/A/Resources/libFontRegistry.dylib
0x00000000005e7000 	/System/Library/PrivateFrameworks/AppleVPA.framework/Versions/A/AppleVPA
0x00000000005e7000 	/System/Library/PrivateFrameworks/AppleJPEG.framework/Versions/A/AppleJPEG
0x00000000005e7000 	/System/Library/Frameworks/ImageIO.framework/Versions/A/Resources/libJPEG.dylib
0x00000000005e7000 	/System/Library/Frameworks/ImageIO.framework/Versions/A/Resources/libTIFF.dylib
0x00000000005e7000 	/System/Library/Frameworks/ImageIO.framework/Versions/A/Resources/libPng.dylib
0x00000000005e7000 	/System/Library/Frameworks/ImageIO.framework/Versions/A/Resources/libGIF.dylib
0x00000000005e7000 	/System/Library/Frameworks/ImageIO.framework/Versions/A/Resources/libJP2.dylib
0x00000000005e7000 	/System/Library/Frameworks/ImageIO.framework/Versions/A/Resources/libRadiance.dylib
0x00000000005e7000 	/System/Library/Frameworks/CoreVideo.framework/Versions/A/CoreVideo
0x00000000005e7000 	/System/Library/Frameworks/OpenGL.framework/Versions/A/Libraries/libGLU.dylib
0x00000000005e7000 	/System/Library/Frameworks/OpenGL.framework/Versions/A/Libraries/libGFXShared.dylib
0x00000000005e7000 	/System/Library/Frameworks/OpenGL.framework/Versions/A/Libraries/libGL.dylib
0x00000000005e7000 	/System/Library/Frameworks/OpenGL.framework/Versions/A/Libraries/libGLImage.dylib
0x00000000005e7000 	/System/Library/Frameworks/OpenGL.framework/Versions/A/Libraries/libCVMSPluginSupport.dylib
0x00000000005e7000 	/System/Library/Frameworks/OpenGL.framework/Versions/A/Libraries/libCoreVMClient.dylib
0x00000000005e7000 	/usr/lib/libcups.2.dylib
0x00000000005e7000 	/System/Library/Frameworks/Kerberos.framework/Versions/A/Kerberos
0x00000000005e7000 	/System/Library/Frameworks/GSS.framework/Versions/A/GSS
0x00000000005e7000 	/usr/lib/libresolv.9.dylib
0x00000000005e7000 	/usr/lib/libiconv.2.dylib
0x00000000005e7000 	/System/Library/PrivateFrameworks/Heimdal.framework/Versions/A/Heimdal
0x00000000005e7000 	/usr/lib/libheimdal-asn1.dylib
0x00000000005e7000 	/System/Library/Frameworks/OpenDirectory.framework/Versions/A/OpenDirectory
0x00000000005e7000 	/System/Library/PrivateFrameworks/CommonAuth.framework/Versions/A/CommonAuth
0x00000000005e7000 	/System/Library/Frameworks/OpenDirectory.framework/Versions/A/Frameworks/CFOpenDirectory.framework/Versions/A/CFOpenDirectory
0x00000000005e7000 	/System/Library/Frameworks/SecurityFoundation.framework/Versions/A/SecurityFoundation
0x00000000005e7000 	/System/Library/PrivateFrameworks/LanguageModeling.framework/Versions/A/LanguageModeling
0x00000000005e7000 	/usr/lib/libmarisa.dylib
0x00000000005e7000 	/usr/lib/libChineseTokenizer.dylib
0x00000000005e7000 	/usr/lib/libcmph.dylib
0x00000000005e7000 	/usr/lib/libcompression.dylib
0x00000000005e7000 	/System/Library/Frameworks/ServiceManagement.framework/Versions/A/ServiceManagement
0x00000000005e7000 	/usr/lib/libxslt.1.dylib
0x00000000005e7000 	/System/Library/Frameworks/Carbon.framework/Versions/A/Frameworks/Ink.framework/Versions/A/Ink
0x00000000005e7000 	/usr/lib/libFosl_dynamic.dylib
0x00000000005e7000 	/System/Library/PrivateFrameworks/FaceCore.framework/Versions/A/FaceCore
0x00000000005e7000 	/System/Library/Frameworks/OpenCL.framework/Versions/A/OpenCL
0x00000000005e7000 	/System/Library/PrivateFrameworks/CrashReporterSupport.framework/Versions/A/CrashReporterSupport
0x00000000005e7000 	/System/Library/PrivateFrameworks/IconServices.framework/Versions/A/IconServices
0x00000000005e7000 	/System/Library/PrivateFrameworks/Apple80211.framework/Versions/A/Apple80211
0x00000000005e7000 	/System/Library/Frameworks/CoreWLAN.framework/Versions/A/CoreWLAN
0x00000000005e7000 	/System/Library/Frameworks/IOBluetooth.framework/Versions/A/IOBluetooth
0x00000000005e7000 	/System/Library/PrivateFrameworks/CoreWiFi.framework/Versions/A/CoreWiFi
0x00000000005e7000 	/System/Library/Frameworks/CoreBluetooth.framework/Versions/A/CoreBluetooth
0x00000000005e7000 	/System/Library/PrivateFrameworks/ChunkingLibrary.framework/Versions/A/ChunkingLibrary
0x00000000005e7000 	/System/Library/PrivateFrameworks/DebugSymbols.framework/Versions/A/DebugSymbols
0x00000000005e7000 	/System/Library/PrivateFrameworks/CoreSymbolication.framework/Versions/A/CoreSymbolication
0x00000000005e7000 	/System/Library/PrivateFrameworks/Symbolication.framework/Versions/A/Symbolication
0x00000000005e7000 	/System/Library/PrivateFrameworks/SpeechRecognitionCore.framework/Versions/A/SpeechRecognitionCore
0x00000000534b6000 	/System/Library/CoreServices/Encodings/libKoreanConverter.dylib
0x000000010ea00000 	/Library/Java/JavaVirtualMachines/jdk1.8.0_20.jdk/Contents/Home/jre/lib/server/libjvm.dylib
0x000000010e011000 	/usr/lib/libstdc++.6.dylib
0x000000010e0c8000 	/Library/Java/JavaVirtualMachines/jdk1.8.0_20.jdk/Contents/Home/jre/lib/libverify.dylib
0x000000010e0d6000 	/Library/Java/JavaVirtualMachines/jdk1.8.0_20.jdk/Contents/Home/jre/lib/libjava.dylib
0x000000010e114000 	/Library/Java/JavaVirtualMachines/jdk1.8.0_20.jdk/Contents/Home/jre/lib/libzip.dylib
0x00000001251af000 	/System/Library/Frameworks/JavaVM.framework/Frameworks/JavaRuntimeSupport.framework/JavaRuntimeSupport
0x000000010e1e9000 	/System/Library/Frameworks/JavaVM.framework/Versions/A/Frameworks/JavaNativeFoundation.framework/Versions/A/JavaNativeFoundation
0x00000001251ca000 	/System/Library/Frameworks/JavaVM.framework/Versions/A/JavaVM
0x00000000005e7000 	/System/Library/Frameworks/Carbon.framework/Versions/A/Carbon
0x00000001251d7000 	/System/Library/PrivateFrameworks/JavaLaunching.framework/Versions/A/JavaLaunching
0x00000000005e7000 	/System/Library/Frameworks/Carbon.framework/Versions/A/Frameworks/CommonPanels.framework/Versions/A/CommonPanels
0x00000000005e7000 	/System/Library/Frameworks/Carbon.framework/Versions/A/Frameworks/Help.framework/Versions/A/Help
0x00000000005e7000 	/System/Library/Frameworks/Carbon.framework/Versions/A/Frameworks/ImageCapture.framework/Versions/A/ImageCapture
0x00000000005e7000 	/System/Library/Frameworks/Carbon.framework/Versions/A/Frameworks/OpenScripting.framework/Versions/A/OpenScripting
0x00000000005e7000 	/System/Library/Frameworks/Carbon.framework/Versions/A/Frameworks/Print.framework/Versions/A/Print
0x00000000005e7000 	/System/Library/Frameworks/Carbon.framework/Versions/A/Frameworks/SecurityHI.framework/Versions/A/SecurityHI
0x0000000126c36000 	/Applications/IntelliJ IDEA 15 CE.app/Contents/bin/libbreakgen64.jnilib
0x0000000126c39000 	/Library/Java/JavaVirtualMachines/jdk1.8.0_20.jdk/Contents/Home/jre/lib/libnet.dylib
0x0000000126c98000 	/Library/Java/JavaVirtualMachines/jdk1.8.0_20.jdk/Contents/Home/jre/lib/libawt.dylib
0x0000000126d47000 	/Library/Java/JavaVirtualMachines/jdk1.8.0_20.jdk/Contents/Home/jre/lib/./libmlib_image.dylib
0x0000000126e13000 	/Library/Java/JavaVirtualMachines/jdk1.8.0_20.jdk/Contents/Home/jre/lib/libawt_lwawt.dylib
0x0000000126ec6000 	/Library/Java/JavaVirtualMachines/jdk1.8.0_20.jdk/Contents/Home/jre/lib/./libosxapp.dylib
0x00000000005e7000 	/System/Library/Frameworks/ExceptionHandling.framework/Versions/A/ExceptionHandling
0x00000000005e7000 	/System/Library/PrivateFrameworks/CoreServicesInternal.framework/Versions/A/CoreServicesInternal
0x00000000005e7000 	/System/Library/Frameworks/CoreGraphics.framework/Versions/A/Resources/libRIP.A.dylib
0x0000000127ab8000 	/System/Library/Frameworks/Accelerate.framework/Frameworks/vImage.framework/Versions/A/Libraries/libCGInterfaces.dylib
0x00000000005e7000 	/System/Library/Frameworks/CoreGraphics.framework/Versions/A/Resources/libCGXType.A.dylib
0x00000000005e7000 	/System/Library/Frameworks/OpenCL.framework/Versions/A/Libraries/libcldcpuengine.dylib
0x00000000005e7000 	/System/Library/PrivateFrameworks/DiskImages.framework/Versions/A/DiskImages
0x00000000005e7000 	/System/Library/Frameworks/DiscRecording.framework/Versions/A/DiscRecording
0x00000000005e7000 	/usr/lib/libcsfde.dylib
0x00000000005e7000 	/usr/lib/libcurl.4.dylib
0x00000000005e7000 	/System/Library/PrivateFrameworks/MediaKit.framework/Versions/A/MediaKit
0x00000000005e7000 	/System/Library/PrivateFrameworks/ProtectedCloudStorage.framework/Versions/A/ProtectedCloudStorage
0x00000000005e7000 	/usr/lib/libCoreStorage.dylib
0x00000000005e7000 	/System/Library/PrivateFrameworks/EFILogin.framework/Versions/A/EFILogin
0x00000000005e7000 	/usr/lib/libutil.dylib
0x00000000005e7000 	/System/Library/PrivateFrameworks/FindMyDevice.framework/Versions/A/FindMyDevice
0x00000000005e7000 	/System/Library/Frameworks/LDAP.framework/Versions/A/LDAP
0x00000000005e7000 	/usr/lib/libsasl2.2.dylib
0x00000000005e7000 	/System/Library/PrivateFrameworks/CoreDaemon.framework/Versions/B/CoreDaemon
0x00000000005e7000 	/usr/lib/libcrypto.0.9.8.dylib
0x00000000005e7000 	/System/Library/PrivateFrameworks/AppleSRP.framework/Versions/A/AppleSRP
0x00000000005e7000 	/System/Library/PrivateFrameworks/TrustEvaluationAgent.framework/Versions/A/TrustEvaluationAgent
0x00000001287e2000 	cl_kernels
0x00000000005e7000 	/System/Library/Frameworks/OpenCL.framework/Versions/A/Libraries/ImageFormats/unorm8_bgra.dylib
0x00000000005e7000 	/System/Library/Frameworks/OpenCL.framework/Versions/A/Libraries/ImageFormats/unorm8_rgba.dylib
0x00000000005e7000 	/System/Library/PrivateFrameworks/FamilyControls.framework/Versions/A/FamilyControls
0x00000000005e7000 	/System/Library/PrivateFrameworks/CommerceKit.framework/Versions/A/Frameworks/CommerceCore.framework/Versions/A/CommerceCore
0x00000000005e7000 	/System/Library/PrivateFrameworks/SystemAdministration.framework/Versions/A/SystemAdministration
0x00000000005e7000 	/System/Library/PrivateFrameworks/AppContainer.framework/Versions/A/AppContainer
0x00000000005e7000 	/System/Library/PrivateFrameworks/SecCodeWrapper.framework/Versions/A/SecCodeWrapper
0x00000000005e7000 	/System/Library/Frameworks/DirectoryService.framework/Versions/A/DirectoryService
0x00000000005e7000 	/System/Library/PrivateFrameworks/LoginUIKit.framework/Versions/A/Frameworks/LoginUICore.framework/Versions/A/LoginUICore
0x00000000005e7000 	/usr/lib/libodfde.dylib
0x00000001297fc000 	/Library/Java/JavaVirtualMachines/jdk1.8.0_20.jdk/Contents/Home/jre/lib/libfontmanager.dylib
0x0000000129862000 	/Users/minjaesong/Documents/workspace/Terrarum_renewed/lib/native/liblwjgl.dylib
0x0000000127cd6000 	/Library/Java/JavaVirtualMachines/jdk1.8.0_20.jdk/Contents/Home/jre/lib/libjawt.dylib
0x0000000129900000 	/System/Library/Frameworks/OpenGL.framework/Resources/GLEngine.bundle/GLEngine
0x00000000005e7000 	/System/Library/Frameworks/OpenGL.framework/Versions/A/Libraries/libGLProgrammability.dylib
0x0000000129ae8000 	/System/Library/Extensions/AppleIntelHD4000GraphicsGLDriver.bundle/Contents/MacOS/AppleIntelHD4000GraphicsGLDriver
0x00000000005e7000 	/System/Library/PrivateFrameworks/GPUSupport.framework/Versions/A/Libraries/libGPUSupportMercury.dylib
0x000000012a1af000 	/System/Library/Frameworks/OpenGL.framework/Resources//GLRendererFloat.bundle/GLRendererFloat
0x000000012af86000 	/Users/minjaesong/Documents/workspace/Terrarum_renewed/lib/native/libjinput-osx.dylib
0x000000012af8b000 	/System/Library/Extensions/IOHIDFamily.kext/Contents/PlugIns/IOHIDLib.plugin/Contents/MacOS/IOHIDLib
0x000000012bff2000 	/Library/Java/JavaVirtualMachines/jdk1.8.0_20.jdk/Contents/Home/jre/lib/libnio.dylib

VM Arguments:
jvm_args: -Djava.library.path=/Users/minjaesong/Documents/workspace/Terrarum_renewed/lib/native -Didea.launcher.port=7538 -Didea.launcher.bin.path=/Applications/IntelliJ IDEA 15 CE.app/Contents/bin -Dfile.encoding=UTF-8 
java_command: com.intellij.rt.execution.application.AppMain com.Torvald.Terrarum.Terrarum
java_class_path (initial): /Library/Java/JavaVirtualMachines/jdk1.8.0_20.jdk/Contents/Home/lib/ant-javafx.jar:/Library/Java/JavaVirtualMachines/jdk1.8.0_20.jdk/Contents/Home/lib/dt.jar:/Library/Java/JavaVirtualMachines/jdk1.8.0_20.jdk/Contents/Home/lib/javafx-mx.jar:/Library/Java/JavaVirtualMachines/jdk1.8.0_20.jdk/Contents/Home/lib/jconsole.jar:/Library/Java/JavaVirtualMachines/jdk1.8.0_20.jdk/Contents/Home/lib/sa-jdi.jar:/Library/Java/JavaVirtualMachines/jdk1.8.0_20.jdk/Contents/Home/lib/tools.jar:/Library/Java/JavaVirtualMachines/jdk1.8.0_20.jdk/Contents/Home/jre/lib/charsets.jar:/Library/Java/JavaVirtualMachines/jdk1.8.0_20.jdk/Contents/Home/jre/lib/deploy.jar:/Library/Java/JavaVirtualMachines/jdk1.8.0_20.jdk/Contents/Home/jre/lib/javaws.jar:/Library/Java/JavaVirtualMachines/jdk1.8.0_20.jdk/Contents/Home/jre/lib/jce.jar:/Library/Java/JavaVirtualMachines/jdk1.8.0_20.jdk/Contents/Home/jre/lib/jfr.jar:/Library/Java/JavaVirtualMachines/jdk1.8.0_20.jdk/Contents/Home/jre/lib/jfxswt.jar:/Library/Java/JavaVirtualMachines/jdk1.8.0_20.jdk/Contents/Home/jre/lib/jsse.jar:/Library/Java/JavaVirtualMachines/jdk1.8.0_20.jdk/Contents/Home/jre/lib/management-agent.jar:/Library/Java/JavaVirtualMachines/jdk1.8.0_20.jdk/Contents/Home/jre/lib/plugin.jar:/Library/Java/JavaVirtualMachines/jdk1.8.0_20.jdk/Contents/Home/jre/lib/resources.jar:/Library/Java/JavaVirtualMachines/jdk1.8.0_20.jdk/Contents/Home/jre/lib/rt.jar:/Library/Java/JavaVirtualMachines/jdk1.8.0_20.jdk/Contents/Home/jre/lib/ext/cldrdata.jar:/Library/Java/JavaVirtualMachines/jdk1.8.0_20.jdk/Contents/Home/jre/lib/ext/dnsns.jar:/Library/Java/JavaVirtualMachines/jdk1.8.0_20.jdk/Contents/Home/jre/lib/ext/jfxrt.jar:/Library/Java/JavaVirtualMachines/jdk1.8.0_20.jdk/Contents/Home/jre/lib/ext/localedata.jar:/Library/Java/JavaVirtualMachines/jdk1.8.0_20.jdk/Contents/Home/jre/lib/ext/nashorn.jar:/Library/Java/JavaVirtualMachines/jdk1.8.0_20.jdk/Contents/Home/jre/lib/ext/sunec.jar:/Library/Java/JavaVirtualMachines/jdk1.8.0_20.jdk/C
Launcher Type: SUN_STANDARD

Environment Variables:
PATH=/Library/Frameworks/Python.framework/Versions/3.5/bin:/opt/local/bin:/opt/local/sbin:/Library/Frameworks/Python.framework/Versions/2.7/bin:/opt/local/bin:/opt/local/sbin:/sw/bin:/sw/sbin:/opt/local/bin:/opt/local/sbin:/opt/local/bin:/opt/local/sbin:/opt/local/bin:/opt/local/sbin:/usr/local/bin:/usr/bin:/bin:/usr/sbin:/sbin:/opt/X11/bin:/usr/local/MacGPG2/bin:/Library/TeX/texbin
SHELL=/bin/bash
DISPLAY=/private/tmp/com.apple.launchd.8AA461ZLSp/org.macosforge.xquartz:0

Signal Handlers:
SIGSEGV: [libjvm.dylib+0x578fd7], sa_mask[0]=11111111011111110111111111111111, sa_flags=SA_ONSTACK|SA_RESTART|SA_SIGINFO
SIGBUS: [libjvm.dylib+0x578fd7], sa_mask[0]=11111111011111110111111111111111, sa_flags=SA_RESTART|SA_SIGINFO
SIGFPE: [libjvm.dylib+0x45ab0c], sa_mask[0]=11111111011111110111111111111111, sa_flags=SA_RESTART|SA_SIGINFO
SIGPIPE: [libjvm.dylib+0x45ab0c], sa_mask[0]=11111111011111110111111111111111, sa_flags=SA_RESTART|SA_SIGINFO
SIGXFSZ: [libjvm.dylib+0x45ab0c], sa_mask[0]=11111111011111110111111111111111, sa_flags=SA_RESTART|SA_SIGINFO
SIGILL: [libjvm.dylib+0x45ab0c], sa_mask[0]=11111111011111110111111111111111, sa_flags=SA_RESTART|SA_SIGINFO
SIGUSR1: SIG_DFL, sa_mask[0]=00000000000000000000000000000000, sa_flags=none
SIGUSR2: [libjvm.dylib+0x45a62a], sa_mask[0]=00100000000000000000000000000000, sa_flags=SA_RESTART|SA_SIGINFO
SIGHUP: [libjvm.dylib+0x458bfd], sa_mask[0]=11111111011111110111111111111111, sa_flags=SA_RESTART|SA_SIGINFO
SIGINT: [libjvm.dylib+0x458bfd], sa_mask[0]=11111111011111110111111111111111, sa_flags=SA_RESTART|SA_SIGINFO
SIGTERM: [libjvm.dylib+0x458bfd], sa_mask[0]=11111111011111110111111111111111, sa_flags=SA_RESTART|SA_SIGINFO
SIGQUIT: [libjvm.dylib+0x458bfd], sa_mask[0]=11111111011111110111111111111111, sa_flags=SA_RESTART|SA_SIGINFO


---------------  S Y S T E M  ---------------

OS:Bsduname:Darwin 15.2.0 Darwin Kernel Version 15.2.0: Fri Nov 13 19:56:56 PST 2015; root:xnu-3248.20.55~2/RELEASE_X86_64 x86_64
rlimit: STACK 8192k, CORE 0k, NPROC 709, NOFILE 10240, AS infinity
load average:1.46 1.80 1.89

CPU:total 4 (2 cores per cpu, 2 threads per core) family 6 model 58 stepping 9, cmov, cx8, fxsr, mmx, sse, sse2, sse3, ssse3, sse4.1, sse4.2, popcnt, avx, aes, clmul, erms, ht, tsc, tscinvbit, tscinv

Memory: 4k page, physical 8388608k(1128448k free)

/proc/meminfo:


vm_info: Java HotSpot(TM) 64-Bit Server VM (25.20-b23) for bsd-amd64 JRE (1.8.0_20-b26), built on Jul 30 2014 13:37:47 by "java_re" with gcc 4.2.1 (Based on Apple Inc. build 5658) (LLVM build 2336.9.00)

time: Mon Jan  4 03:45:59 2016
elapsed time: 9 seconds (0d 0h 0m 9s)

