#
# A fatal error has been detected by the Java Runtime Environment:
#
#  SIGSEGV (0xb) at pc=0x000000011fd34597, pid=72937, tid=5891
#
# JRE version: Java(TM) SE Runtime Environment (8.0_20-b26) (build 1.8.0_20-b26)
# Java VM: Java HotSpot(TM) 64-Bit Server VM (25.20-b23 mixed mode bsd-amd64 compressed oops)
# Problematic frame:
# C  [AppleIntelHD4000GraphicsGLDriver+0x44c597]  _ZN15IntelTextureObj20getSurfaceHeapOffsetEjP15IntelStateHeapsRjRb+0xb
#
# Failed to write core dump. Core dumps have been disabled. To enable core dumping, try "ulimit -c unlimited" before starting Java again
#
# If you would like to submit a bug report, please visit:
#   http://bugreport.sun.com/bugreport/crash.jsp
# The crash happened outside the Java Virtual Machine in native code.
# See problematic frame for where to report the bug.
#

---------------  T H R E A D  ---------------

Current thread (0x00007fc5ea802000):  JavaThread "main" [_thread_in_native, id=5891, stack(0x000070000011a000,0x000070000021a000)]

siginfo: si_signo: 11 (SIGSEGV), si_code: 1 (SEGV_MAPERR), si_addr: 0x0000000000000070

Registers:
RAX=0x00007fc5ea984c30, RBX=0x0000000000000000, RCX=0x0000700000218840, RDX=0x00007fc5ea987b78
RSP=0x0000700000218790, RBP=0x00007000002187a0, RSI=0x0000000000000001, RDI=0x0000000000000040
R8 =0x000070000021883f, R9 =0x0000000000000000, R10=0x0000000000000000, R11=0xffff803b35f251f8
R12=0x0000000000000000, R13=0x00007fc5ea983e00, R14=0x0000000000000001, R15=0x0000000000000040
RIP=0x000000011fd34597, EFLAGS=0x0000000000010202, ERR=0x0000000000000004
  TRAPNO=0x000000000000000e

Top of Stack: (sp=0x0000700000218790)
0x0000700000218790:   0000000000000000 0000000000000001
0x00007000002187a0:   0000700000218870 000000011fd490eb
0x00007000002187b0:   0000000000000000 0000000810009010
0x00007000002187c0:   0000000000000004 00007fc5ea98a748
0x00007000002187d0:   0000000404002404 0000000000000001
0x00007000002187e0:   000000007a000003 0000000000000008
0x00007000002187f0:   00007fc5ea987b78 00007fc5ea98a540
0x0000700000218800:   00007fc5e9496780 00007fc5ea983e00
0x0000700000218810:   00007fc5e949a5d0 0000000000000015
0x0000700000218820:   0000000000000000 0000000000001980
0x0000700000218830:   00007fc5ea984c30 000000011fd3bc98
0x0000700000218840:   0000000000000000 0000000000000004
0x0000700000218850:   21fffff7ffffffff 00007fc5ea98a748
0x0000700000218860:   0000000000000020 00007fc5ea984c30
0x0000700000218870:   0000700000218a10 000000011fd43ab6
0x0000700000218880:   00007fc5ea983e00 0000000000000000
0x0000700000218890:   00007fc5e9498cf0 00007fc5ea155400
0x00007000002188a0:   00007fc5ea984c84 00007fc5ea983e00
0x00007000002188b0:   00007fc5ea987798 00007fc5ea987794
0x00007000002188c0:   00007fc5ea155438 00007fc5ea984c84
0x00007000002188d0:   00007fc5ea98d648 0000020000000000
0x00007000002188e0:   0f30000a00108031 00007fc5ec001410
0x00007000002188f0:   0000000000000000 0000002000000000
0x0000700000218900:   0000000000000000 0000000000000001
0x0000700000218910:   00007fc5ea98d730 0000000000000001
0x0000700000218920:   00007fc5ec001410 0000000120c1fc80
0x0000700000218930:   0120fc0000000000 21fffff7ffffffff
0x0000700000218940:   0000000000000c80 0000000700000000
0x0000700000218950:   0000000000000000 0000000000000000
0x0000700000218960:   0000000000000000 0000000000000000
0x0000700000218970:   0000000000000000 ffffffffffffffff
0x0000700000218980:   ffffffffffffffff ffffffffffffffff 

Instructions: (pc=0x000000011fd34597)
0x000000011fd34577:   90 2a fd ff ff 63 fd ff ff e6 fd ff ff 5f fe ff
0x000000011fd34587:   ff f1 fe ff ff 55 48 89 e5 41 56 53 44 8b 4a 60
0x000000011fd34597:   44 8b 5f 30 39 b7 28 0f 00 00 75 2d 48 39 97 18
0x000000011fd345a7:   0f 00 00 75 24 41 83 fb 01 41 0f 94 c2 44 3b 8f 

Register to memory mapping:

RAX=0x00007fc5ea984c30 is an unknown value
RBX=0x0000000000000000 is an unknown value
RCX=0x0000700000218840 is pointing into the stack for thread: 0x00007fc5ea802000
RDX=0x00007fc5ea987b78 is an unknown value
RSP=0x0000700000218790 is pointing into the stack for thread: 0x00007fc5ea802000
RBP=0x00007000002187a0 is pointing into the stack for thread: 0x00007fc5ea802000
RSI=0x0000000000000001 is an unknown value
RDI=0x0000000000000040 is an unknown value
R8 =0x000070000021883f is pointing into the stack for thread: 0x00007fc5ea802000
R9 =0x0000000000000000 is an unknown value
R10=0x0000000000000000 is an unknown value
R11=0xffff803b35f251f8 is an unknown value
R12=0x0000000000000000 is an unknown value
R13=0x00007fc5ea983e00 is an unknown value
R14=0x0000000000000001 is an unknown value
R15=0x0000000000000040 is an unknown value


Stack: [0x000070000011a000,0x000070000021a000],  sp=0x0000700000218790,  free space=1017k
Native frames: (J=compiled Java code, j=interpreted, Vv=VM code, C=native code)
C  [AppleIntelHD4000GraphicsGLDriver+0x44c597]  _ZN15IntelTextureObj20getSurfaceHeapOffsetEjP15IntelStateHeapsRjRb+0xb
C  [AppleIntelHD4000GraphicsGLDriver+0x4610eb]  _Z18updateBindingTableIN4IGFX36SGfx3DStateBindingTablePointers_Gen7EEvP11Gen7ContextjRT_+0x813
C  [AppleIntelHD4000GraphicsGLDriver+0x45bab6]  _ZN11Gen7Context15ProgramPipelineEv+0x33d8
C  [AppleIntelHD4000GraphicsGLDriver+0x3c1c07]  glrIntelBeginPrimitiveBuffer+0xa2
C  [GLEngine+0x12f68a]  gleBeginPrimitiveTCLFunc+0x4e
j  org.lwjgl.opengl.GL11.nglBegin(IJ)V+0
j  org.lwjgl.opengl.GL11.glBegin(I)V+15
j  org.newdawn.slick.opengl.renderer.ImmediateModeOGLRenderer.glBegin(I)V+1
j  org.newdawn.slick.geom.ShapeRenderer.fill(Lorg/newdawn/slick/geom/Shape;Lorg/newdawn/slick/geom/ShapeRenderer$PointCallback;)V+9
j  org.newdawn.slick.geom.ShapeRenderer.fill(Lorg/newdawn/slick/geom/Shape;Lorg/newdawn/slick/ShapeFill;)V+29
j  org.newdawn.slick.Graphics.fill(Lorg/newdawn/slick/geom/Shape;Lorg/newdawn/slick/ShapeFill;)V+9
j  com.Torvald.Terrarum.Game.drawSkybox(Lorg/newdawn/slick/Graphics;)V+31
j  com.Torvald.Terrarum.Game.render(Lorg/newdawn/slick/GameContainer;Lorg/newdawn/slick/Graphics;)V+29
j  com.Torvald.Terrarum.Terrarum.render(Lorg/newdawn/slick/GameContainer;Lorg/newdawn/slick/Graphics;)V+2
j  org.newdawn.slick.GameContainer.updateAndRender(I)V+310
j  org.newdawn.slick.AppGameContainer.gameLoop()V+33
j  org.newdawn.slick.AppGameContainer.start()V+17
j  com.Torvald.Terrarum.Terrarum.main([Ljava/lang/String;)V+64
v  ~StubRoutines::call_stub
V  [libjvm.dylib+0x2d429e]
V  [libjvm.dylib+0x4a2b90]
V  [libjvm.dylib+0x4a30a8]
V  [libjvm.dylib+0x322984]
j  sun.reflect.NativeMethodAccessorImpl.invoke0(Ljava/lang/reflect/Method;Ljava/lang/Object;[Ljava/lang/Object;)Ljava/lang/Object;+0
j  sun.reflect.NativeMethodAccessorImpl.invoke(Ljava/lang/Object;[Ljava/lang/Object;)Ljava/lang/Object;+100
j  sun.reflect.DelegatingMethodAccessorImpl.invoke(Ljava/lang/Object;[Ljava/lang/Object;)Ljava/lang/Object;+6
j  java.lang.reflect.Method.invoke(Ljava/lang/Object;[Ljava/lang/Object;)Ljava/lang/Object;+56
j  com.intellij.rt.execution.application.AppMain.main([Ljava/lang/String;)V+180
v  ~StubRoutines::call_stub
V  [libjvm.dylib+0x2d429e]
V  [libjvm.dylib+0x309377]
V  [libjvm.dylib+0x302571]
C  [java+0x2c82]  JavaMain+0x998
C  [libsystem_pthread.dylib+0x3c13]  _pthread_body+0x83
C  [libsystem_pthread.dylib+0x3b90]  _pthread_body+0x0
C  [libsystem_pthread.dylib+0x1375]  thread_start+0xd
C  0x0000000000000000

Java frames: (J=compiled Java code, j=interpreted, Vv=VM code)
j  org.lwjgl.opengl.GL11.nglBegin(IJ)V+0
j  org.lwjgl.opengl.GL11.glBegin(I)V+15
j  org.newdawn.slick.opengl.renderer.ImmediateModeOGLRenderer.glBegin(I)V+1
j  org.newdawn.slick.geom.ShapeRenderer.fill(Lorg/newdawn/slick/geom/Shape;Lorg/newdawn/slick/geom/ShapeRenderer$PointCallback;)V+9
j  org.newdawn.slick.geom.ShapeRenderer.fill(Lorg/newdawn/slick/geom/Shape;Lorg/newdawn/slick/ShapeFill;)V+29
j  org.newdawn.slick.Graphics.fill(Lorg/newdawn/slick/geom/Shape;Lorg/newdawn/slick/ShapeFill;)V+9
j  com.Torvald.Terrarum.Game.drawSkybox(Lorg/newdawn/slick/Graphics;)V+31
j  com.Torvald.Terrarum.Game.render(Lorg/newdawn/slick/GameContainer;Lorg/newdawn/slick/Graphics;)V+29
j  com.Torvald.Terrarum.Terrarum.render(Lorg/newdawn/slick/GameContainer;Lorg/newdawn/slick/Graphics;)V+2
j  org.newdawn.slick.GameContainer.updateAndRender(I)V+310
j  org.newdawn.slick.AppGameContainer.gameLoop()V+33
j  org.newdawn.slick.AppGameContainer.start()V+17
j  com.Torvald.Terrarum.Terrarum.main([Ljava/lang/String;)V+64
v  ~StubRoutines::call_stub
j  sun.reflect.NativeMethodAccessorImpl.invoke0(Ljava/lang/reflect/Method;Ljava/lang/Object;[Ljava/lang/Object;)Ljava/lang/Object;+0
j  sun.reflect.NativeMethodAccessorImpl.invoke(Ljava/lang/Object;[Ljava/lang/Object;)Ljava/lang/Object;+100
j  sun.reflect.DelegatingMethodAccessorImpl.invoke(Ljava/lang/Object;[Ljava/lang/Object;)Ljava/lang/Object;+6
j  java.lang.reflect.Method.invoke(Ljava/lang/Object;[Ljava/lang/Object;)Ljava/lang/Object;+56
j  com.intellij.rt.execution.application.AppMain.main([Ljava/lang/String;)V+180
v  ~StubRoutines::call_stub

---------------  P R O C E S S  ---------------

Java Threads: ( => current thread )
  0x00007fc5e9a13000 JavaThread "AWT-Shutdown" [_thread_blocked, id=14607, stack(0x0000700001253000,0x0000700001353000)]
  0x00007fc5ea09b800 JavaThread "AppKit Thread" daemon [_thread_in_native, id=2571, stack(0x00007fff5b7c5000,0x00007fff5bfc5000)]
  0x00007fc5ea82a000 JavaThread "Monitor Ctrl-Break" daemon [_thread_in_native, id=19459, stack(0x000070000104a000,0x000070000114a000)]
  0x00007fc5eb08d800 JavaThread "Service Thread" daemon [_thread_blocked, id=18435, stack(0x0000700000e44000,0x0000700000f44000)]
  0x00007fc5eb067800 JavaThread "C1 CompilerThread2" daemon [_thread_blocked, id=17923, stack(0x0000700000d41000,0x0000700000e41000)]
  0x00007fc5ea017800 JavaThread "C2 CompilerThread1" daemon [_thread_blocked, id=17411, stack(0x0000700000c3e000,0x0000700000d3e000)]
  0x00007fc5eb066800 JavaThread "C2 CompilerThread0" daemon [_thread_blocked, id=16899, stack(0x0000700000b3b000,0x0000700000c3b000)]
  0x00007fc5eb05f000 JavaThread "Signal Dispatcher" daemon [_thread_blocked, id=14351, stack(0x0000700000a38000,0x0000700000b38000)]
  0x00007fc5ea00c000 JavaThread "Finalizer" daemon [_thread_blocked, id=12291, stack(0x000070000082f000,0x000070000092f000)]
  0x00007fc5e9819800 JavaThread "Reference Handler" daemon [_thread_blocked, id=11779, stack(0x000070000072c000,0x000070000082c000)]
=>0x00007fc5ea802000 JavaThread "main" [_thread_in_native, id=5891, stack(0x000070000011a000,0x000070000021a000)]

Other Threads:
  0x00007fc5ea00b800 VMThread [stack: 0x0000700000629000,0x0000700000729000] [id=11267]
  0x00007fc5eb02a800 WatcherThread [stack: 0x0000700000f47000,0x0000700001047000] [id=18947]

VM state:not at safepoint (normal execution)

VM Mutex/Monitor currently owned by a thread: None

Heap:
 PSYoungGen      total 173056K, used 70645K [0x0000000795580000, 0x00000007a3500000, 0x00000007c0000000)
  eden space 122880K, 57% used [0x0000000795580000,0x0000000799a7d638,0x000000079cd80000)
  from space 50176K, 0% used [0x000000079cd80000,0x000000079cd80000,0x000000079fe80000)
  to   space 50176K, 0% used [0x00000007a0400000,0x00000007a0400000,0x00000007a3500000)
 ParOldGen       total 214016K, used 55323K [0x0000000740000000, 0x000000074d100000, 0x0000000795580000)
  object space 214016K, 25% used [0x0000000740000000,0x0000000743606c28,0x000000074d100000)
 Metaspace       used 8337K, capacity 8553K, committed 8704K, reserved 1056768K
  class space    used 851K, capacity 903K, committed 1024K, reserved 1048576K

Card table byte_map: [0x0000000114a13000,0x0000000114e14000] byte_map_base: 0x0000000111013000

Marking Bits: (ParMarkBitMap*) 0x0000000104779330
 Begin Bits: [0x00000001150bf000, 0x00000001170bf000)
 End Bits:   [0x00000001170bf000, 0x00000001190bf000)

Polling page: 0x0000000104dfc000

CodeCache: size=245760Kb used=2922Kb max_used=2938Kb free=242837Kb
 bounds [0x0000000105653000, 0x0000000105933000, 0x0000000114653000]
 total_blobs=1218 nmethods=783 adapters=350
 compilation: enabled

Compilation events (10 events):
Event: 16.895 Thread 0x00007fc5eb067800  777       3       java.util.AbstractList$Itr::hasNext (20 bytes)
Event: 16.895 Thread 0x00007fc5eb067800 nmethod 777 0x0000000105921b50 code [0x0000000105921cc0, 0x0000000105921f48]
Event: 16.895 Thread 0x00007fc5eb067800  771       3       java.lang.invoke.MethodType$ConcurrentWeakInternSet$WeakEntry::<init> (14 bytes)
Event: 16.896 Thread 0x00007fc5eb067800 nmethod 771 0x0000000105921390 code [0x0000000105921520, 0x0000000105921948]
Event: 16.896 Thread 0x00007fc5eb067800  776       3       java.lang.invoke.MethodType$ConcurrentWeakInternSet::get (54 bytes)
Event: 16.897 Thread 0x00007fc5eb067800 nmethod 776 0x00000001059251d0 code [0x0000000105925400, 0x0000000105926098]
Event: 16.897 Thread 0x00007fc5eb067800  775       3       java.util.Arrays$ArrayList::get (7 bytes)
Event: 16.897 Thread 0x00007fc5eb067800 nmethod 775 0x0000000105924dd0 code [0x0000000105924f40, 0x00000001059250d0]
Event: 16.897 Thread 0x00007fc5eb067800  773       1       java.lang.invoke.MethodHandle::type (5 bytes)
Event: 16.897 Thread 0x00007fc5eb067800 nmethod 773 0x0000000105929250 code [0x00000001059293a0, 0x00000001059294b0]

GC Heap History (10 events):
Event: 10.123 GC heap before
{Heap before GC invocations=7 (full 2):
 PSYoungGen      total 71680K, used 5090K [0x0000000795580000, 0x00000007a3100000, 0x00000007c0000000)
  eden space 66560K, 0% used [0x0000000795580000,0x0000000795580000,0x0000000799680000)
  from space 5120K, 99% used [0x0000000799680000,0x0000000799b789d0,0x0000000799b80000)
  to   space 51712K, 0% used [0x000000079fe80000,0x000000079fe80000,0x00000007a3100000)
 ParOldGen       total 175616K, used 175044K [0x0000000740000000, 0x000000074ab80000, 0x0000000795580000)
  object space 175616K, 99% used [0x0000000740000000,0x000000074aaf1298,0x000000074ab80000)
 Metaspace       used 7779K, capacity 7929K, committed 8064K, reserved 1056768K
  class space    used 789K, capacity 827K, committed 896K, reserved 1048576K
Event: 10.150 GC heap after
Heap after GC invocations=7 (full 2):
 PSYoungGen      total 71680K, used 0K [0x0000000795580000, 0x00000007a3100000, 0x00000007c0000000)
  eden space 66560K, 0% used [0x0000000795580000,0x0000000795580000,0x0000000799680000)
  from space 5120K, 0% used [0x0000000799680000,0x0000000799680000,0x0000000799b80000)
  to   space 51712K, 0% used [0x000000079fe80000,0x000000079fe80000,0x00000007a3100000)
 ParOldGen       total 214016K, used 114500K [0x0000000740000000, 0x000000074d100000, 0x0000000795580000)
  object space 214016K, 53% used [0x0000000740000000,0x0000000746fd1198,0x000000074d100000)
 Metaspace       used 7779K, capacity 7929K, committed 8064K, reserved 1056768K
  class space    used 789K, capacity 827K, committed 896K, reserved 1048576K
}
Event: 16.555 GC heap before
{Heap before GC invocations=8 (full 2):
 PSYoungGen      total 71680K, used 8377K [0x0000000795580000, 0x00000007a3100000, 0x00000007c0000000)
  eden space 66560K, 12% used [0x0000000795580000,0x0000000795dae620,0x0000000799680000)
  from space 5120K, 0% used [0x0000000799680000,0x0000000799680000,0x0000000799b80000)
  to   space 51712K, 0% used [0x000000079fe80000,0x000000079fe80000,0x00000007a3100000)
 ParOldGen       total 214016K, used 114500K [0x0000000740000000, 0x000000074d100000, 0x0000000795580000)
  object space 214016K, 53% used [0x0000000740000000,0x0000000746fd1198,0x000000074d100000)
 Metaspace       used 7882K, capacity 7993K, committed 8064K, reserved 1056768K
  class space    used 792K, capacity 827K, committed 896K, reserved 1048576K
Event: 16.559 GC heap after
Heap after GC invocations=8 (full 2):
 PSYoungGen      total 174592K, used 6531K [0x0000000795580000, 0x00000007a3500000, 0x00000007c0000000)
  eden space 122880K, 0% used [0x0000000795580000,0x0000000795580000,0x000000079cd80000)
  from space 51712K, 12% used [0x000000079fe80000,0x00000007a04e0c70,0x00000007a3100000)
  to   space 50176K, 0% used [0x000000079cd80000,0x000000079cd80000,0x000000079fe80000)
 ParOldGen       total 214016K, used 114500K [0x0000000740000000, 0x000000074d100000, 0x0000000795580000)
  object space 214016K, 53% used [0x0000000740000000,0x0000000746fd1198,0x000000074d100000)
 Metaspace       used 7882K, capacity 7993K, committed 8064K, reserved 1056768K
  class space    used 792K, capacity 827K, committed 896K, reserved 1048576K
}
Event: 16.559 GC heap before
{Heap before GC invocations=9 (full 3):
 PSYoungGen      total 174592K, used 6531K [0x0000000795580000, 0x00000007a3500000, 0x00000007c0000000)
  eden space 122880K, 0% used [0x0000000795580000,0x0000000795580000,0x000000079cd80000)
  from space 51712K, 12% used [0x000000079fe80000,0x00000007a04e0c70,0x00000007a3100000)
  to   space 50176K, 0% used [0x000000079cd80000,0x000000079cd80000,0x000000079fe80000)
 ParOldGen       total 214016K, used 114500K [0x0000000740000000, 0x000000074d100000, 0x0000000795580000)
  object space 214016K, 53% used [0x0000000740000000,0x0000000746fd1198,0x000000074d100000)
 Metaspace       used 7882K, capacity 7993K, committed 8064K, reserved 1056768K
  class space    used 792K, capacity 827K, committed 896K, reserved 1048576K
Event: 16.600 GC heap after
Heap after GC invocations=9 (full 3):
 PSYoungGen      total 174592K, used 0K [0x0000000795580000, 0x00000007a3500000, 0x00000007c0000000)
  eden space 122880K, 0% used [0x0000000795580000,0x0000000795580000,0x000000079cd80000)
  from space 51712K, 0% used [0x000000079fe80000,0x000000079fe80000,0x00000007a3100000)
  to   space 50176K, 0% used [0x000000079cd80000,0x000000079cd80000,0x000000079fe80000)
 ParOldGen       total 214016K, used 55284K [0x0000000740000000, 0x000000074d100000, 0x0000000795580000)
  object space 214016K, 25% used [0x0000000740000000,0x00000007435fd380,0x000000074d100000)
 Metaspace       used 7882K, capacity 7993K, committed 8064K, reserved 1056768K
  class space    used 792K, capacity 827K, committed 896K, reserved 1048576K
}
Event: 16.637 GC heap before
{Heap before GC invocations=10 (full 3):
 PSYoungGen      total 174592K, used 2378K [0x0000000795580000, 0x00000007a3500000, 0x00000007c0000000)
  eden space 122880K, 1% used [0x0000000795580000,0x00000007957d2ae0,0x000000079cd80000)
  from space 51712K, 0% used [0x000000079fe80000,0x000000079fe80000,0x00000007a3100000)
  to   space 50176K, 0% used [0x000000079cd80000,0x000000079cd80000,0x000000079fe80000)
 ParOldGen       total 214016K, used 55284K [0x0000000740000000, 0x000000074d100000, 0x0000000795580000)
  object space 214016K, 25% used [0x0000000740000000,0x00000007435fd380,0x000000074d100000)
 Metaspace       used 8004K, capacity 8153K, committed 8320K, reserved 1056768K
  class space    used 811K, capacity 859K, committed 896K, reserved 1048576K
Event: 16.638 GC heap after
Heap after GC invocations=10 (full 3):
 PSYoungGen      total 173056K, used 96K [0x0000000795580000, 0x00000007a3500000, 0x00000007c0000000)
  eden space 122880K, 0% used [0x0000000795580000,0x0000000795580000,0x000000079cd80000)
  from space 50176K, 0% used [0x000000079cd80000,0x000000079cd98000,0x000000079fe80000)
  to   space 50176K, 0% used [0x00000007a0400000,0x00000007a0400000,0x00000007a3500000)
 ParOldGen       total 214016K, used 55284K [0x0000000740000000, 0x000000074d100000, 0x0000000795580000)
  object space 214016K, 25% used [0x0000000740000000,0x00000007435fd380,0x000000074d100000)
 Metaspace       used 8004K, capacity 8153K, committed 8320K, reserved 1056768K
  class space    used 811K, capacity 859K, committed 896K, reserved 1048576K
}
Event: 16.638 GC heap before
{Heap before GC invocations=11 (full 4):
 PSYoungGen      total 173056K, used 96K [0x0000000795580000, 0x00000007a3500000, 0x00000007c0000000)
  eden space 122880K, 0% used [0x0000000795580000,0x0000000795580000,0x000000079cd80000)
  from space 50176K, 0% used [0x000000079cd80000,0x000000079cd98000,0x000000079fe80000)
  to   space 50176K, 0% used [0x00000007a0400000,0x00000007a0400000,0x00000007a3500000)
 ParOldGen       total 214016K, used 55284K [0x0000000740000000, 0x000000074d100000, 0x0000000795580000)
  object space 214016K, 25% used [0x0000000740000000,0x00000007435fd380,0x000000074d100000)
 Metaspace       used 8004K, capacity 8153K, committed 8320K, reserved 1056768K
  class space    used 811K, capacity 859K, committed 896K, reserved 1048576K
Event: 16.655 GC heap after
Heap after GC invocations=11 (full 4):
 PSYoungGen      total 173056K, used 0K [0x0000000795580000, 0x00000007a3500000, 0x00000007c0000000)
  eden space 122880K, 0% used [0x0000000795580000,0x0000000795580000,0x000000079cd80000)
  from space 50176K, 0% used [0x000000079cd80000,0x000000079cd80000,0x000000079fe80000)
  to   space 50176K, 0% used [0x00000007a0400000,0x00000007a0400000,0x00000007a3500000)
 ParOldGen       total 214016K, used 55323K [0x0000000740000000, 0x000000074d100000, 0x0000000795580000)
  object space 214016K, 25% used [0x0000000740000000,0x0000000743606c28,0x000000074d100000)
 Metaspace       used 8004K, capacity 8153K, committed 8320K, reserved 1056768K
  class space    used 811K, capacity 859K, committed 896K, reserved 1048576K
}

Deoptimization events (0 events):
No events

Internal exceptions (10 events):
Event: 16.852 Thread 0x00007fc5ea802000 Exception <a 'java/security/PrivilegedActionException'> (0x00000007996c5420) thrown at [/HUDSON3/workspace/8-2-build-macosx-x86_64/jdk8u20/1074/hotspot/src/share/vm/prims/jvm.cpp, line 1275]
Event: 16.853 Thread 0x00007fc5ea802000 Exception <a 'java/security/PrivilegedActionException'> (0x00000007996cdc50) thrown at [/HUDSON3/workspace/8-2-build-macosx-x86_64/jdk8u20/1074/hotspot/src/share/vm/prims/jvm.cpp, line 1275]
Event: 16.853 Thread 0x00007fc5ea802000 Exception <a 'java/security/PrivilegedActionException'> (0x00000007996d2e60) thrown at [/HUDSON3/workspace/8-2-build-macosx-x86_64/jdk8u20/1074/hotspot/src/share/vm/prims/jvm.cpp, line 1275]
Event: 16.854 Thread 0x00007fc5ea802000 Exception <a 'java/security/PrivilegedActionException'> (0x00000007996de260) thrown at [/HUDSON3/workspace/8-2-build-macosx-x86_64/jdk8u20/1074/hotspot/src/share/vm/prims/jvm.cpp, line 1275]
Event: 16.855 Thread 0x00007fc5ea802000 Exception <a 'java/security/PrivilegedActionException'> (0x00000007996e4058) thrown at [/HUDSON3/workspace/8-2-build-macosx-x86_64/jdk8u20/1074/hotspot/src/share/vm/prims/jvm.cpp, line 1275]
Event: 16.855 Thread 0x00007fc5ea802000 Exception <a 'java/security/PrivilegedActionException'> (0x00000007996e9548) thrown at [/HUDSON3/workspace/8-2-build-macosx-x86_64/jdk8u20/1074/hotspot/src/share/vm/prims/jvm.cpp, line 1275]
Event: 16.855 Thread 0x00007fc5ea802000 Exception <a 'java/security/PrivilegedActionException'> (0x00000007996eed58) thrown at [/HUDSON3/workspace/8-2-build-macosx-x86_64/jdk8u20/1074/hotspot/src/share/vm/prims/jvm.cpp, line 1275]
Event: 16.863 Thread 0x00007fc5ea802000 Exception <a 'java/security/PrivilegedActionException'> (0x00000007998dd710) thrown at [/HUDSON3/workspace/8-2-build-macosx-x86_64/jdk8u20/1074/hotspot/src/share/vm/prims/jvm.cpp, line 1275]
Event: 16.864 Thread 0x00007fc5ea802000 Exception <a 'java/security/PrivilegedActionException'> (0x00000007998e2778) thrown at [/HUDSON3/workspace/8-2-build-macosx-x86_64/jdk8u20/1074/hotspot/src/share/vm/prims/jvm.cpp, line 1275]
Event: 16.893 Thread 0x00007fc5ea802000 Exception <a 'java/security/PrivilegedActionException'> (0x0000000799902598) thrown at [/HUDSON3/workspace/8-2-build-macosx-x86_64/jdk8u20/1074/hotspot/src/share/vm/prims/jvm.cpp, line 1275]

Events (10 events):
Event: 16.890 loading class org/newdawn/slick/GameContainer
Event: 16.890 loading class org/newdawn/slick/GameContainer done
Event: 16.891 loading class org/newdawn/slick/GameContainer
Event: 16.891 loading class org/newdawn/slick/GameContainer done
Event: 16.891 loading class org/newdawn/slick/GameContainer
Event: 16.891 loading class org/newdawn/slick/GameContainer done
Event: 16.892 loading class org/newdawn/slick/GameContainer
Event: 16.892 loading class org/newdawn/slick/GameContainer done
Event: 16.892 loading class com/Torvald/Terrarum/GameControl/KeyToggler
Event: 16.892 loading class com/Torvald/Terrarum/GameControl/KeyToggler done


Dynamic libraries:
0x0000000009bc5000 	/System/Library/Frameworks/Cocoa.framework/Versions/A/Cocoa
0x0000000009bc5000 	/System/Library/Frameworks/Security.framework/Versions/A/Security
0x0000000009bc5000 	/System/Library/Frameworks/ApplicationServices.framework/Versions/A/ApplicationServices
0x0000000009bc5000 	/usr/lib/libz.1.dylib
0x0000000009bc5000 	/usr/lib/libSystem.B.dylib
0x0000000009bc5000 	/usr/lib/libobjc.A.dylib
0x0000000009bc5000 	/System/Library/Frameworks/CoreFoundation.framework/Versions/A/CoreFoundation
0x0000000009bc5000 	/System/Library/Frameworks/Foundation.framework/Versions/C/Foundation
0x0000000009bc5000 	/System/Library/Frameworks/AppKit.framework/Versions/C/AppKit
0x0000000009bc5000 	/System/Library/Frameworks/CoreData.framework/Versions/A/CoreData
0x0000000009bc5000 	/System/Library/PrivateFrameworks/RemoteViewServices.framework/Versions/A/RemoteViewServices
0x0000000009bc5000 	/System/Library/PrivateFrameworks/UIFoundation.framework/Versions/A/UIFoundation
0x0000000009bc5000 	/usr/lib/libScreenReader.dylib
0x0000000009bc5000 	/System/Library/Frameworks/Accelerate.framework/Versions/A/Accelerate
0x0000000009bc5000 	/System/Library/Frameworks/IOSurface.framework/Versions/A/IOSurface
0x0000000009bc5000 	/System/Library/Frameworks/AudioToolbox.framework/Versions/A/AudioToolbox
0x0000000009bc5000 	/System/Library/Frameworks/AudioUnit.framework/Versions/A/AudioUnit
0x0000000009bc5000 	/System/Library/PrivateFrameworks/DataDetectorsCore.framework/Versions/A/DataDetectorsCore
0x0000000009bc5000 	/System/Library/PrivateFrameworks/DesktopServicesPriv.framework/Versions/A/DesktopServicesPriv
0x0000000009bc5000 	/System/Library/Frameworks/Carbon.framework/Versions/A/Frameworks/HIToolbox.framework/Versions/A/HIToolbox
0x0000000009bc5000 	/System/Library/Frameworks/QuartzCore.framework/Versions/A/QuartzCore
0x0000000009bc5000 	/System/Library/Frameworks/Carbon.framework/Versions/A/Frameworks/SpeechRecognition.framework/Versions/A/SpeechRecognition
0x0000000009bc5000 	/usr/lib/libauto.dylib
0x0000000009bc5000 	/usr/lib/libicucore.A.dylib
0x0000000009bc5000 	/usr/lib/libxml2.2.dylib
0x0000000009bc5000 	/System/Library/PrivateFrameworks/CoreUI.framework/Versions/A/CoreUI
0x0000000009bc5000 	/System/Library/Frameworks/CoreAudio.framework/Versions/A/CoreAudio
0x0000000009bc5000 	/System/Library/Frameworks/DiskArbitration.framework/Versions/A/DiskArbitration
0x0000000009bc5000 	/usr/lib/liblangid.dylib
0x0000000009bc5000 	/System/Library/PrivateFrameworks/MultitouchSupport.framework/Versions/A/MultitouchSupport
0x0000000009bc5000 	/System/Library/Frameworks/IOKit.framework/Versions/A/IOKit
0x0000000009bc5000 	/usr/lib/libDiagnosticMessagesClient.dylib
0x0000000009bc5000 	/System/Library/Frameworks/CoreServices.framework/Versions/A/CoreServices
0x0000000009bc5000 	/System/Library/PrivateFrameworks/PerformanceAnalysis.framework/Versions/A/PerformanceAnalysis
0x0000000009bc5000 	/System/Library/PrivateFrameworks/GenerationalStorage.framework/Versions/A/GenerationalStorage
0x0000000009bc5000 	/System/Library/Frameworks/OpenGL.framework/Versions/A/OpenGL
0x0000000009bc5000 	/System/Library/PrivateFrameworks/Sharing.framework/Versions/A/Sharing
0x0000000009bc5000 	/System/Library/Frameworks/CoreGraphics.framework/Versions/A/CoreGraphics
0x0000000009bc5000 	/System/Library/Frameworks/CoreImage.framework/Versions/A/CoreImage
0x0000000009bc5000 	/System/Library/Frameworks/CoreText.framework/Versions/A/CoreText
0x0000000009bc5000 	/System/Library/Frameworks/ImageIO.framework/Versions/A/ImageIO
0x0000000009bc5000 	/System/Library/PrivateFrameworks/Backup.framework/Versions/A/Backup
0x0000000009bc5000 	/usr/lib/libextension.dylib
0x0000000009bc5000 	/usr/lib/libarchive.2.dylib
0x0000000009bc5000 	/System/Library/Frameworks/CFNetwork.framework/Versions/A/CFNetwork
0x0000000009bc5000 	/System/Library/Frameworks/SystemConfiguration.framework/Versions/A/SystemConfiguration
0x0000000009bc5000 	/usr/lib/libCRFSuite.dylib
0x0000000009bc5000 	/usr/lib/libc++.1.dylib
0x0000000009bc5000 	/usr/lib/libc++abi.dylib
0x0000000009bc5000 	/usr/lib/system/libcache.dylib
0x0000000009bc5000 	/usr/lib/system/libcommonCrypto.dylib
0x0000000009bc5000 	/usr/lib/system/libcompiler_rt.dylib
0x0000000009bc5000 	/usr/lib/system/libcopyfile.dylib
0x0000000009bc5000 	/usr/lib/system/libcorecrypto.dylib
0x0000000009bc5000 	/usr/lib/system/libdispatch.dylib
0x0000000009bc5000 	/usr/lib/system/libdyld.dylib
0x0000000009bc5000 	/usr/lib/system/libkeymgr.dylib
0x0000000009bc5000 	/usr/lib/system/liblaunch.dylib
0x0000000009bc5000 	/usr/lib/system/libmacho.dylib
0x0000000009bc5000 	/usr/lib/system/libquarantine.dylib
0x0000000009bc5000 	/usr/lib/system/libremovefile.dylib
0x0000000009bc5000 	/usr/lib/system/libsystem_asl.dylib
0x0000000009bc5000 	/usr/lib/system/libsystem_blocks.dylib
0x0000000009bc5000 	/usr/lib/system/libsystem_c.dylib
0x0000000009bc5000 	/usr/lib/system/libsystem_configuration.dylib
0x0000000009bc5000 	/usr/lib/system/libsystem_coreservices.dylib
0x0000000009bc5000 	/usr/lib/system/libsystem_coretls.dylib
0x0000000009bc5000 	/usr/lib/system/libsystem_dnssd.dylib
0x0000000009bc5000 	/usr/lib/system/libsystem_info.dylib
0x0000000009bc5000 	/usr/lib/system/libsystem_kernel.dylib
0x0000000009bc5000 	/usr/lib/system/libsystem_m.dylib
0x0000000009bc5000 	/usr/lib/system/libsystem_malloc.dylib
0x0000000009bc5000 	/usr/lib/system/libsystem_network.dylib
0x0000000009bc5000 	/usr/lib/system/libsystem_networkextension.dylib
0x0000000009bc5000 	/usr/lib/system/libsystem_notify.dylib
0x0000000009bc5000 	/usr/lib/system/libsystem_platform.dylib
0x0000000009bc5000 	/usr/lib/system/libsystem_pthread.dylib
0x0000000009bc5000 	/usr/lib/system/libsystem_sandbox.dylib
0x0000000009bc5000 	/usr/lib/system/libsystem_secinit.dylib
0x0000000009bc5000 	/usr/lib/system/libsystem_trace.dylib
0x0000000009bc5000 	/usr/lib/system/libunc.dylib
0x0000000009bc5000 	/usr/lib/system/libunwind.dylib
0x0000000009bc5000 	/usr/lib/system/libxpc.dylib
0x0000000009bc5000 	/usr/lib/libenergytrace.dylib
0x0000000009bc5000 	/usr/lib/libbsm.0.dylib
0x0000000009bc5000 	/usr/lib/system/libkxld.dylib
0x0000000009bc5000 	/usr/lib/libxar.1.dylib
0x0000000009bc5000 	/usr/lib/libsqlite3.dylib
0x0000000009bc5000 	/usr/lib/libpam.2.dylib
0x0000000009bc5000 	/usr/lib/libOpenScriptingUtil.dylib
0x0000000009bc5000 	/usr/lib/libbz2.1.0.dylib
0x0000000009bc5000 	/usr/lib/liblzma.5.dylib
0x0000000009bc5000 	/System/Library/Frameworks/CoreServices.framework/Versions/A/Frameworks/FSEvents.framework/Versions/A/FSEvents
0x0000000009bc5000 	/System/Library/Frameworks/CoreServices.framework/Versions/A/Frameworks/CarbonCore.framework/Versions/A/CarbonCore
0x0000000009bc5000 	/System/Library/Frameworks/CoreServices.framework/Versions/A/Frameworks/Metadata.framework/Versions/A/Metadata
0x0000000009bc5000 	/System/Library/Frameworks/CoreServices.framework/Versions/A/Frameworks/OSServices.framework/Versions/A/OSServices
0x0000000009bc5000 	/System/Library/Frameworks/CoreServices.framework/Versions/A/Frameworks/SearchKit.framework/Versions/A/SearchKit
0x0000000009bc5000 	/System/Library/Frameworks/CoreServices.framework/Versions/A/Frameworks/AE.framework/Versions/A/AE
0x0000000009bc5000 	/System/Library/Frameworks/CoreServices.framework/Versions/A/Frameworks/LaunchServices.framework/Versions/A/LaunchServices
0x0000000009bc5000 	/System/Library/Frameworks/CoreServices.framework/Versions/A/Frameworks/DictionaryServices.framework/Versions/A/DictionaryServices
0x0000000009bc5000 	/System/Library/Frameworks/CoreServices.framework/Versions/A/Frameworks/SharedFileList.framework/Versions/A/SharedFileList
0x0000000009bc5000 	/System/Library/Frameworks/NetFS.framework/Versions/A/NetFS
0x0000000009bc5000 	/System/Library/PrivateFrameworks/NetAuth.framework/Versions/A/NetAuth
0x0000000009bc5000 	/System/Library/PrivateFrameworks/login.framework/Versions/A/Frameworks/loginsupport.framework/Versions/A/loginsupport
0x0000000009bc5000 	/System/Library/PrivateFrameworks/TCC.framework/Versions/A/TCC
0x0000000009bc5000 	/usr/lib/libmecabra.dylib
0x0000000009bc5000 	/System/Library/Frameworks/ApplicationServices.framework/Versions/A/Frameworks/ATS.framework/Versions/A/ATS
0x0000000009bc5000 	/System/Library/Frameworks/ApplicationServices.framework/Versions/A/Frameworks/ColorSync.framework/Versions/A/ColorSync
0x0000000009bc5000 	/System/Library/Frameworks/ApplicationServices.framework/Versions/A/Frameworks/HIServices.framework/Versions/A/HIServices
0x0000000009bc5000 	/System/Library/Frameworks/ApplicationServices.framework/Versions/A/Frameworks/LangAnalysis.framework/Versions/A/LangAnalysis
0x0000000009bc5000 	/System/Library/Frameworks/ApplicationServices.framework/Versions/A/Frameworks/PrintCore.framework/Versions/A/PrintCore
0x0000000009bc5000 	/System/Library/Frameworks/ApplicationServices.framework/Versions/A/Frameworks/QD.framework/Versions/A/QD
0x0000000009bc5000 	/System/Library/Frameworks/ApplicationServices.framework/Versions/A/Frameworks/SpeechSynthesis.framework/Versions/A/SpeechSynthesis
0x0000000009bc5000 	/System/Library/Frameworks/Metal.framework/Versions/A/Metal
0x0000000009bc5000 	/System/Library/Frameworks/Accelerate.framework/Versions/A/Frameworks/vImage.framework/Versions/A/vImage
0x0000000009bc5000 	/System/Library/Frameworks/Accelerate.framework/Versions/A/Frameworks/vecLib.framework/Versions/A/vecLib
0x0000000009bc5000 	/System/Library/Frameworks/Accelerate.framework/Versions/A/Frameworks/vecLib.framework/Versions/A/libvDSP.dylib
0x0000000009bc5000 	/System/Library/Frameworks/Accelerate.framework/Versions/A/Frameworks/vecLib.framework/Versions/A/libvMisc.dylib
0x0000000009bc5000 	/System/Library/Frameworks/Accelerate.framework/Versions/A/Frameworks/vecLib.framework/Versions/A/libLAPACK.dylib
0x0000000009bc5000 	/System/Library/Frameworks/Accelerate.framework/Versions/A/Frameworks/vecLib.framework/Versions/A/libBLAS.dylib
0x0000000009bc5000 	/System/Library/Frameworks/Accelerate.framework/Versions/A/Frameworks/vecLib.framework/Versions/A/libLinearAlgebra.dylib
0x0000000009bc5000 	/System/Library/Frameworks/Accelerate.framework/Versions/A/Frameworks/vecLib.framework/Versions/A/libSparseBLAS.dylib
0x0000000009bc5000 	/System/Library/PrivateFrameworks/GPUCompiler.framework/libmetal_timestamp.dylib
0x0000000009bc5000 	/System/Library/Frameworks/OpenGL.framework/Versions/A/Libraries/libCoreFSCache.dylib
0x0000000009bc5000 	/System/Library/PrivateFrameworks/IOAccelerator.framework/Versions/A/IOAccelerator
0x0000000009bc5000 	/System/Library/Frameworks/ApplicationServices.framework/Versions/A/Frameworks/ATS.framework/Versions/A/Resources/libFontParser.dylib
0x0000000009bc5000 	/System/Library/Frameworks/ApplicationServices.framework/Versions/A/Frameworks/ATS.framework/Versions/A/Resources/libFontRegistry.dylib
0x0000000009bc5000 	/System/Library/PrivateFrameworks/AppleVPA.framework/Versions/A/AppleVPA
0x0000000009bc5000 	/System/Library/PrivateFrameworks/AppleJPEG.framework/Versions/A/AppleJPEG
0x0000000009bc5000 	/System/Library/Frameworks/ImageIO.framework/Versions/A/Resources/libJPEG.dylib
0x0000000009bc5000 	/System/Library/Frameworks/ImageIO.framework/Versions/A/Resources/libTIFF.dylib
0x0000000009bc5000 	/System/Library/Frameworks/ImageIO.framework/Versions/A/Resources/libPng.dylib
0x0000000009bc5000 	/System/Library/Frameworks/ImageIO.framework/Versions/A/Resources/libGIF.dylib
0x0000000009bc5000 	/System/Library/Frameworks/ImageIO.framework/Versions/A/Resources/libJP2.dylib
0x0000000009bc5000 	/System/Library/Frameworks/ImageIO.framework/Versions/A/Resources/libRadiance.dylib
0x0000000009bc5000 	/System/Library/Frameworks/CoreVideo.framework/Versions/A/CoreVideo
0x0000000009bc5000 	/System/Library/Frameworks/OpenGL.framework/Versions/A/Libraries/libGLU.dylib
0x0000000009bc5000 	/System/Library/Frameworks/OpenGL.framework/Versions/A/Libraries/libGFXShared.dylib
0x0000000009bc5000 	/System/Library/Frameworks/OpenGL.framework/Versions/A/Libraries/libGL.dylib
0x0000000009bc5000 	/System/Library/Frameworks/OpenGL.framework/Versions/A/Libraries/libGLImage.dylib
0x0000000009bc5000 	/System/Library/Frameworks/OpenGL.framework/Versions/A/Libraries/libCVMSPluginSupport.dylib
0x0000000009bc5000 	/System/Library/Frameworks/OpenGL.framework/Versions/A/Libraries/libCoreVMClient.dylib
0x0000000009bc5000 	/usr/lib/libcups.2.dylib
0x0000000009bc5000 	/System/Library/Frameworks/Kerberos.framework/Versions/A/Kerberos
0x0000000009bc5000 	/System/Library/Frameworks/GSS.framework/Versions/A/GSS
0x0000000009bc5000 	/usr/lib/libresolv.9.dylib
0x0000000009bc5000 	/usr/lib/libiconv.2.dylib
0x0000000009bc5000 	/System/Library/PrivateFrameworks/Heimdal.framework/Versions/A/Heimdal
0x0000000009bc5000 	/usr/lib/libheimdal-asn1.dylib
0x0000000009bc5000 	/System/Library/Frameworks/OpenDirectory.framework/Versions/A/OpenDirectory
0x0000000009bc5000 	/System/Library/PrivateFrameworks/CommonAuth.framework/Versions/A/CommonAuth
0x0000000009bc5000 	/System/Library/Frameworks/OpenDirectory.framework/Versions/A/Frameworks/CFOpenDirectory.framework/Versions/A/CFOpenDirectory
0x0000000009bc5000 	/System/Library/Frameworks/SecurityFoundation.framework/Versions/A/SecurityFoundation
0x0000000009bc5000 	/System/Library/PrivateFrameworks/LanguageModeling.framework/Versions/A/LanguageModeling
0x0000000009bc5000 	/usr/lib/libmarisa.dylib
0x0000000009bc5000 	/usr/lib/libChineseTokenizer.dylib
0x0000000009bc5000 	/usr/lib/libcmph.dylib
0x0000000009bc5000 	/usr/lib/libcompression.dylib
0x0000000009bc5000 	/System/Library/Frameworks/ServiceManagement.framework/Versions/A/ServiceManagement
0x0000000009bc5000 	/usr/lib/libxslt.1.dylib
0x0000000009bc5000 	/System/Library/Frameworks/Carbon.framework/Versions/A/Frameworks/Ink.framework/Versions/A/Ink
0x0000000009bc5000 	/usr/lib/libFosl_dynamic.dylib
0x0000000009bc5000 	/System/Library/PrivateFrameworks/FaceCore.framework/Versions/A/FaceCore
0x0000000009bc5000 	/System/Library/Frameworks/OpenCL.framework/Versions/A/OpenCL
0x0000000009bc5000 	/System/Library/PrivateFrameworks/CrashReporterSupport.framework/Versions/A/CrashReporterSupport
0x0000000009bc5000 	/System/Library/PrivateFrameworks/IconServices.framework/Versions/A/IconServices
0x0000000009bc5000 	/System/Library/PrivateFrameworks/Apple80211.framework/Versions/A/Apple80211
0x0000000009bc5000 	/System/Library/Frameworks/CoreWLAN.framework/Versions/A/CoreWLAN
0x0000000009bc5000 	/System/Library/Frameworks/IOBluetooth.framework/Versions/A/IOBluetooth
0x0000000009bc5000 	/System/Library/PrivateFrameworks/CoreWiFi.framework/Versions/A/CoreWiFi
0x0000000009bc5000 	/System/Library/Frameworks/CoreBluetooth.framework/Versions/A/CoreBluetooth
0x0000000009bc5000 	/System/Library/PrivateFrameworks/ChunkingLibrary.framework/Versions/A/ChunkingLibrary
0x0000000009bc5000 	/System/Library/PrivateFrameworks/DebugSymbols.framework/Versions/A/DebugSymbols
0x0000000009bc5000 	/System/Library/PrivateFrameworks/CoreSymbolication.framework/Versions/A/CoreSymbolication
0x0000000009bc5000 	/System/Library/PrivateFrameworks/Symbolication.framework/Versions/A/Symbolication
0x0000000009bc5000 	/System/Library/PrivateFrameworks/SpeechRecognitionCore.framework/Versions/A/SpeechRecognitionCore
0x0000000049386000 	/System/Library/CoreServices/Encodings/libKoreanConverter.dylib
0x0000000103edd000 	/Library/Java/JavaVirtualMachines/jdk1.8.0_20.jdk/Contents/Home/jre/lib/server/libjvm.dylib
0x0000000009bc5000 	/usr/lib/libstdc++.6.dylib
0x0000000105600000 	/Library/Java/JavaVirtualMachines/jdk1.8.0_20.jdk/Contents/Home/jre/lib/libverify.dylib
0x000000010560e000 	/Library/Java/JavaVirtualMachines/jdk1.8.0_20.jdk/Contents/Home/jre/lib/libjava.dylib
0x000000010564a000 	/Library/Java/JavaVirtualMachines/jdk1.8.0_20.jdk/Contents/Home/jre/lib/libzip.dylib
0x000000011afb2000 	/System/Library/Frameworks/JavaVM.framework/Frameworks/JavaRuntimeSupport.framework/JavaRuntimeSupport
0x000000011afcd000 	/System/Library/Frameworks/JavaVM.framework/Versions/A/Frameworks/JavaNativeFoundation.framework/Versions/A/JavaNativeFoundation
0x000000011afe2000 	/System/Library/Frameworks/JavaVM.framework/Versions/A/JavaVM
0x0000000009bc5000 	/System/Library/Frameworks/Carbon.framework/Versions/A/Carbon
0x000000011afef000 	/System/Library/PrivateFrameworks/JavaLaunching.framework/Versions/A/JavaLaunching
0x0000000009bc5000 	/System/Library/Frameworks/Carbon.framework/Versions/A/Frameworks/CommonPanels.framework/Versions/A/CommonPanels
0x0000000009bc5000 	/System/Library/Frameworks/Carbon.framework/Versions/A/Frameworks/Help.framework/Versions/A/Help
0x0000000009bc5000 	/System/Library/Frameworks/Carbon.framework/Versions/A/Frameworks/ImageCapture.framework/Versions/A/ImageCapture
0x0000000009bc5000 	/System/Library/Frameworks/Carbon.framework/Versions/A/Frameworks/OpenScripting.framework/Versions/A/OpenScripting
0x0000000009bc5000 	/System/Library/Frameworks/Carbon.framework/Versions/A/Frameworks/Print.framework/Versions/A/Print
0x0000000009bc5000 	/System/Library/Frameworks/Carbon.framework/Versions/A/Frameworks/SecurityHI.framework/Versions/A/SecurityHI
0x000000011ca5e000 	/Applications/IntelliJ IDEA 15 CE.app/Contents/bin/libbreakgen64.jnilib
0x000000011ca61000 	/Library/Java/JavaVirtualMachines/jdk1.8.0_20.jdk/Contents/Home/jre/lib/libnet.dylib
0x000000011cac0000 	/Library/Java/JavaVirtualMachines/jdk1.8.0_20.jdk/Contents/Home/jre/lib/libawt.dylib
0x000000011cb6f000 	/Library/Java/JavaVirtualMachines/jdk1.8.0_20.jdk/Contents/Home/jre/lib/./libmlib_image.dylib
0x000000011cc3b000 	/Library/Java/JavaVirtualMachines/jdk1.8.0_20.jdk/Contents/Home/jre/lib/libawt_lwawt.dylib
0x000000011ccee000 	/Library/Java/JavaVirtualMachines/jdk1.8.0_20.jdk/Contents/Home/jre/lib/./libosxapp.dylib
0x0000000009bc5000 	/System/Library/Frameworks/ExceptionHandling.framework/Versions/A/ExceptionHandling
0x0000000009bc5000 	/System/Library/PrivateFrameworks/CoreServicesInternal.framework/Versions/A/CoreServicesInternal
0x0000000009bc5000 	/System/Library/Frameworks/CoreGraphics.framework/Versions/A/Resources/libRIP.A.dylib
0x0000000009bc5000 	/System/Library/Frameworks/Accelerate.framework/Versions/A/Frameworks/vImage.framework/Versions/A/Libraries/libCGInterfaces.dylib
0x0000000009bc5000 	/System/Library/Frameworks/CoreGraphics.framework/Versions/A/Resources/libCGXType.A.dylib
0x0000000009bc5000 	/System/Library/Frameworks/OpenCL.framework/Versions/A/Libraries/libcldcpuengine.dylib
0x0000000009bc5000 	/System/Library/PrivateFrameworks/DiskImages.framework/Versions/A/DiskImages
0x0000000009bc5000 	/System/Library/Frameworks/DiscRecording.framework/Versions/A/DiscRecording
0x0000000009bc5000 	/usr/lib/libcsfde.dylib
0x0000000009bc5000 	/usr/lib/libcurl.4.dylib
0x0000000009bc5000 	/System/Library/PrivateFrameworks/MediaKit.framework/Versions/A/MediaKit
0x0000000009bc5000 	/System/Library/PrivateFrameworks/ProtectedCloudStorage.framework/Versions/A/ProtectedCloudStorage
0x0000000009bc5000 	/usr/lib/libCoreStorage.dylib
0x0000000009bc5000 	/System/Library/PrivateFrameworks/EFILogin.framework/Versions/A/EFILogin
0x0000000009bc5000 	/usr/lib/libutil.dylib
0x0000000009bc5000 	/System/Library/PrivateFrameworks/FindMyDevice.framework/Versions/A/FindMyDevice
0x0000000009bc5000 	/System/Library/Frameworks/LDAP.framework/Versions/A/LDAP
0x0000000009bc5000 	/usr/lib/libsasl2.2.dylib
0x0000000009bc5000 	/System/Library/PrivateFrameworks/CoreDaemon.framework/Versions/B/CoreDaemon
0x0000000009bc5000 	/usr/lib/libcrypto.0.9.8.dylib
0x0000000009bc5000 	/System/Library/PrivateFrameworks/AppleSRP.framework/Versions/A/AppleSRP
0x0000000009bc5000 	/System/Library/PrivateFrameworks/TrustEvaluationAgent.framework/Versions/A/TrustEvaluationAgent
0x000000011e71a000 	cl_kernels
0x0000000009bc5000 	/System/Library/Frameworks/OpenCL.framework/Versions/A/Libraries/ImageFormats/unorm8_bgra.dylib
0x0000000009bc5000 	/System/Library/Frameworks/OpenCL.framework/Versions/A/Libraries/ImageFormats/unorm8_rgba.dylib
0x0000000009bc5000 	/System/Library/PrivateFrameworks/FamilyControls.framework/Versions/A/FamilyControls
0x0000000009bc5000 	/System/Library/PrivateFrameworks/CommerceKit.framework/Versions/A/Frameworks/CommerceCore.framework/Versions/A/CommerceCore
0x0000000009bc5000 	/System/Library/PrivateFrameworks/SystemAdministration.framework/Versions/A/SystemAdministration
0x0000000009bc5000 	/System/Library/PrivateFrameworks/AppContainer.framework/Versions/A/AppContainer
0x0000000009bc5000 	/System/Library/PrivateFrameworks/SecCodeWrapper.framework/Versions/A/SecCodeWrapper
0x0000000009bc5000 	/System/Library/Frameworks/DirectoryService.framework/Versions/A/DirectoryService
0x0000000009bc5000 	/System/Library/PrivateFrameworks/LoginUIKit.framework/Versions/A/Frameworks/LoginUICore.framework/Versions/A/LoginUICore
0x0000000009bc5000 	/usr/lib/libodfde.dylib
0x000000011f7da000 	/Library/Java/JavaVirtualMachines/jdk1.8.0_20.jdk/Contents/Home/jre/lib/libfontmanager.dylib
0x000000011f840000 	/Users/minjaesong/Documents/workspace/Terrarum_renewed/lib/native/liblwjgl.dylib
0x000000011dc0e000 	/Library/Java/JavaVirtualMachines/jdk1.8.0_20.jdk/Contents/Home/jre/lib/libjawt.dylib
0x0000000009bc5000 	/System/Library/Frameworks/OpenGL.framework/Versions/A/Resources/GLEngine.bundle/GLEngine
0x0000000009bc5000 	/System/Library/Frameworks/OpenGL.framework/Versions/A/Libraries/libGLProgrammability.dylib
0x000000011f8e8000 	/System/Library/Extensions/AppleIntelHD4000GraphicsGLDriver.bundle/Contents/MacOS/AppleIntelHD4000GraphicsGLDriver
0x0000000009bc5000 	/System/Library/PrivateFrameworks/GPUSupport.framework/Versions/A/Libraries/libGPUSupportMercury.dylib
0x0000000009bc5000 	/System/Library/Frameworks/OpenGL.framework/Versions/A/Resources/GLRendererFloat.bundle/GLRendererFloat
0x0000000120ebc000 	/Users/minjaesong/Documents/workspace/Terrarum_renewed/lib/native/libjinput-osx.dylib
0x0000000120ec1000 	/System/Library/Extensions/IOHIDFamily.kext/Contents/PlugIns/IOHIDLib.plugin/Contents/MacOS/IOHIDLib
0x0000000124529000 	/Library/Java/JavaVirtualMachines/jdk1.8.0_20.jdk/Contents/Home/jre/lib/libmanagement.dylib

VM Arguments:
jvm_args: -Djava.library.path=/Users/minjaesong/Documents/workspace/Terrarum_renewed/lib/native:/Users/minjaesong/Documents/workspace/Terrarum_renewed/lib/natives-linux.jar:/Users/minjaesong/Documents/workspace/Terrarum_renewed/lib/natives-mac.jar:/Users/minjaesong/Documents/workspace/Terrarum_renewed/lib/natives-windows.jar -Didea.launcher.port=7542 -Didea.launcher.bin.path=/Applications/IntelliJ IDEA 15 CE.app/Contents/bin -Dfile.encoding=UTF-8 
java_command: com.intellij.rt.execution.application.AppMain com.Torvald.Terrarum.Terrarum
java_class_path (initial): /Library/Java/JavaVirtualMachines/jdk1.8.0_20.jdk/Contents/Home/lib/ant-javafx.jar:/Library/Java/JavaVirtualMachines/jdk1.8.0_20.jdk/Contents/Home/lib/dt.jar:/Library/Java/JavaVirtualMachines/jdk1.8.0_20.jdk/Contents/Home/lib/javafx-mx.jar:/Library/Java/JavaVirtualMachines/jdk1.8.0_20.jdk/Contents/Home/lib/jconsole.jar:/Library/Java/JavaVirtualMachines/jdk1.8.0_20.jdk/Contents/Home/lib/sa-jdi.jar:/Library/Java/JavaVirtualMachines/jdk1.8.0_20.jdk/Contents/Home/lib/tools.jar:/Library/Java/JavaVirtualMachines/jdk1.8.0_20.jdk/Contents/Home/jre/lib/charsets.jar:/Library/Java/JavaVirtualMachines/jdk1.8.0_20.jdk/Contents/Home/jre/lib/deploy.jar:/Library/Java/JavaVirtualMachines/jdk1.8.0_20.jdk/Contents/Home/jre/lib/javaws.jar:/Library/Java/JavaVirtualMachines/jdk1.8.0_20.jdk/Contents/Home/jre/lib/jce.jar:/Library/Java/JavaVirtualMachines/jdk1.8.0_20.jdk/Contents/Home/jre/lib/jfr.jar:/Library/Java/JavaVirtualMachines/jdk1.8.0_20.jdk/Contents/Home/jre/lib/jfxswt.jar:/Library/Java/JavaVirtualMachines/jdk1.8.0_20.jdk/Contents/Home/jre/lib/jsse.jar:/Library/Java/JavaVirtualMachines/jdk1.8.0_20.jdk/Contents/Home/jre/lib/management-agent.jar:/Library/Java/JavaVirtualMachines/jdk1.8.0_20.jdk/Contents/Home/jre/lib/plugin.jar:/Library/Java/JavaVirtualMachines/jdk1.8.0_20.jdk/Contents/Home/jre/lib/resources.jar:/Library/Java/JavaVirtualMachines/jdk1.8.0_20.jdk/Contents/Home/jre/lib/rt.jar:/Library/Java/JavaVirtualMachines/jdk1.8.0_20.jdk/Contents/Home/jre/lib/ext/cldrdata.jar:/Library/Java/JavaVirtualMachines/jdk1.8.0_20.jdk/Contents/Home/jre/lib/ext/dnsns.jar:/Library/Java/JavaVirtualMachines/jdk1.8.0_20.jdk/Contents/Home/jre/lib/ext/jfxrt.jar:/Library/Java/JavaVirtualMachines/jdk1.8.0_20.jdk/Contents/Home/jre/lib/ext/localedata.jar:/Library/Java/JavaVirtualMachines/jdk1.8.0_20.jdk/Contents/Home/jre/lib/ext/nashorn.jar:/Library/Java/JavaVirtualMachines/jdk1.8.0_20.jdk/Contents/Home/jre/lib/ext/sunec.jar:/Library/Java/JavaVirtualMachines/jdk1.8.0_20.jdk/C
Launcher Type: SUN_STANDARD

Environment Variables:
PATH=/Library/Frameworks/Python.framework/Versions/3.5/bin:/opt/local/bin:/opt/local/sbin:/Library/Frameworks/Python.framework/Versions/2.7/bin:/opt/local/bin:/opt/local/sbin:/sw/bin:/sw/sbin:/opt/local/bin:/opt/local/sbin:/opt/local/bin:/opt/local/sbin:/opt/local/bin:/opt/local/sbin:/usr/local/bin:/usr/bin:/bin:/usr/sbin:/sbin:/opt/X11/bin:/usr/local/MacGPG2/bin:/Library/TeX/texbin
SHELL=/bin/bash
DISPLAY=/private/tmp/com.apple.launchd.JUiwxfWmS1/org.macosforge.xquartz:0

Signal Handlers:
SIGSEGV: [libjvm.dylib+0x578fd7], sa_mask[0]=11111111011111110111111111111111, sa_flags=SA_ONSTACK|SA_RESTART|SA_SIGINFO
SIGBUS: [libjvm.dylib+0x578fd7], sa_mask[0]=11111111011111110111111111111111, sa_flags=SA_RESTART|SA_SIGINFO
SIGFPE: [libjvm.dylib+0x45ab0c], sa_mask[0]=11111111011111110111111111111111, sa_flags=SA_RESTART|SA_SIGINFO
SIGPIPE: [libjvm.dylib+0x45ab0c], sa_mask[0]=11111111011111110111111111111111, sa_flags=SA_RESTART|SA_SIGINFO
SIGXFSZ: [libjvm.dylib+0x45ab0c], sa_mask[0]=11111111011111110111111111111111, sa_flags=SA_RESTART|SA_SIGINFO
SIGILL: [libjvm.dylib+0x45ab0c], sa_mask[0]=11111111011111110111111111111111, sa_flags=SA_RESTART|SA_SIGINFO
SIGUSR1: SIG_DFL, sa_mask[0]=00000000000000000000000000000000, sa_flags=none
SIGUSR2: [libjvm.dylib+0x45a62a], sa_mask[0]=00100000000000000000000000000000, sa_flags=SA_RESTART|SA_SIGINFO
SIGHUP: [libjvm.dylib+0x458bfd], sa_mask[0]=11111111011111110111111111111111, sa_flags=SA_RESTART|SA_SIGINFO
SIGINT: [libjvm.dylib+0x458bfd], sa_mask[0]=11111111011111110111111111111111, sa_flags=SA_RESTART|SA_SIGINFO
SIGTERM: [libjvm.dylib+0x458bfd], sa_mask[0]=11111111011111110111111111111111, sa_flags=SA_RESTART|SA_SIGINFO
SIGQUIT: [libjvm.dylib+0x458bfd], sa_mask[0]=11111111011111110111111111111111, sa_flags=SA_RESTART|SA_SIGINFO


---------------  S Y S T E M  ---------------

OS:Bsduname:Darwin 15.3.0 Darwin Kernel Version 15.3.0: Thu Dec 10 18:40:58 PST 2015; root:xnu-3248.30.4~1/RELEASE_X86_64 x86_64
rlimit: STACK 8192k, CORE 0k, NPROC 709, NOFILE 10240, AS infinity
load average:2.63 2.21 2.09

CPU:total 4 (2 cores per cpu, 2 threads per core) family 6 model 58 stepping 9, cmov, cx8, fxsr, mmx, sse, sse2, sse3, ssse3, sse4.1, sse4.2, popcnt, avx, aes, clmul, erms, ht, tsc, tscinvbit, tscinv

Memory: 4k page, physical 8388608k(254564k free)

/proc/meminfo:


vm_info: Java HotSpot(TM) 64-Bit Server VM (25.20-b23) for bsd-amd64 JRE (1.8.0_20-b26), built on Jul 30 2014 13:37:47 by "java_re" with gcc 4.2.1 (Based on Apple Inc. build 5658) (LLVM build 2336.9.00)

time: Sat Jan 30 01:22:06 2016
elapsed time: 16 seconds (0d 0h 0m 16s)

