#
# A fatal error has been detected by the Java Runtime Environment:
#
#  SIGSEGV (0xb) at pc=0x00007fff827d28df, pid=67196, tid=2571
#
# JRE version: Java(TM) SE Runtime Environment (8.0_20-b26) (build 1.8.0_20-b26)
# Java VM: Java HotSpot(TM) 64-Bit Server VM (25.20-b23 mixed mode bsd-amd64 compressed oops)
# Problematic frame:
# C  [libobjc.A.dylib+0xc8df]  objc_storeWeak+0x104
#
# Failed to write core dump. Core dumps have been disabled. To enable core dumping, try "ulimit -c unlimited" before starting Java again
#
# If you would like to submit a bug report, please visit:
#   http://bugreport.sun.com/bugreport/crash.jsp
# The crash happened outside the Java Virtual Machine in native code.
# See problematic frame for where to report the bug.
#

---------------  T H R E A D  ---------------

Current thread (0x00007fee7a076800):  JavaThread "AppKit Thread" daemon [_thread_in_native, id=2571, stack(0x00007fff50f3e000,0x00007fff5173e000)]

siginfo: si_signo: 11 (SIGSEGV), si_code: 1 (SEGV_MAPERR), si_addr: 0x0000003d04273160

Registers:
RAX=0x0000000000000000, RBX=0x00007fff70ef3e80, RCX=0x0000000000000a0b, RDX=0x00007ffffffffff8
RSP=0x00007fff517388d0, RBP=0x00007fff51738940, RSI=0x0000003d04273140, RDI=0x00007fff70ef3e80
R8 =0x00007fff863ba9fb, R9 =0x00007fee78545280, R10=0x000000000000005a, R11=0x0000000000000012
R12=0x00007fee78580250, R13=0x0000000000000000, R14=0x00007fff70ef5480, R15=0x0000000000000000
RIP=0x00007fff827d28df, EFLAGS=0x0000000000010202, ERR=0x0000000000000004
  TRAPNO=0x000000000000000e

Top of Stack: (sp=0x00007fff517388d0)
0x00007fff517388d0:   ffff801187abad80 00007fee78580080
0x00007fff517388e0:   0000000000001600 0000000000000000
0x00007fff517388f0:   0000000000000000 0000000000000000
0x00007fff51738900:   00007fee7876e980 000000000000002c
0x00007fff51738910:   0000000000000004 00007fee78545280
0x00007fff51738920:   0000000000000000 00007fee7854c6d0
0x00007fff51738930:   00007fee78580080 00007fee7876e980
0x00007fff51738940:   00007fff51738980 00007fff863b1807
0x00007fff51738950:   00007fee78545280 0000000000000000
0x00007fff51738960:   00007fee7876e980 00007fff827c74c0
0x00007fff51738970:   00007fee78545280 00007fff749c9b48
0x00007fff51738980:   00007fff517389b0 00007fff957e2561
0x00007fff51738990:   00007fff51738a28 00007fff827c74c0
0x00007fff517389a0:   00007fee7876e980 00007fee78545280
0x00007fff517389b0:   00007fff517389e0 00007fff95b3aa00
0x00007fff517389c0:   0000000000000000 0000000000000094
0x00007fff517389d0:   00007fff51738a28 0000000000000001
0x00007fff517389e0:   00007fff51738a10 00007fff95d1e659
0x00007fff517389f0:   00007fee78545280 00007fee7876e980
0x00007fff51738a00:   00007fee78545280 0000000000000000
0x00007fff51738a10:   00007fff51738a70 00007fff957e2204
0x00007fff51738a20:   0000000000000000 00007fff73f3a0a0
0x00007fff51738a30:   0000000042000000 00007fff95b3a92a
0x00007fff51738a40:   00007fff74736200 0000000000000000
0x00007fff51738a50:   00007fee7876e980 00007fee78545280
0x00007fff51738a60:   00007fee78545280 00007fee7876e980
0x00007fff51738a70:   00007fff51738aa0 0000000129fe3586
0x00007fff51738a80:   00007fee78545280 000000012a017c60
0x00007fff51738a90:   00007fee7854c6d0 00007fee78545280
0x00007fff51738aa0:   00007fff51738f80 00007fff955c07c3
0x00007fff51738ab0:   0000000000000000 0000000000000000
0x00007fff51738ac0:   408e000000000000 4086800000000000 

Instructions: (pc=0x00007fff827d28df)
0x00007fff827d28bf:   48 8b 30 48 21 d6 eb 0f 48 8b 45 a8 48 8d 0d 0e
0x00007fff827d28cf:   4d 66 ee 48 8b 34 c1 48 8b 45 b8 48 39 c6 74 48
0x00007fff827d28df:   48 8b 46 20 48 89 c1 48 21 d1 48 8b 49 08 f6 01
0x00007fff827d28ef:   01 75 0a 48 8b 06 48 21 d0 48 8b 40 20 48 21 d0 

Register to memory mapping:

RAX=0x0000000000000000 is an unknown value
RBX=0x00007fff70ef3e80: _ZN12_GLOBAL__N_1L12SideTableBufE+0 in /usr/lib/libobjc.A.dylib at 0x00007fff827c6000
RCX=0x0000000000000a0b is an unknown value
RDX=0x00007ffffffffff8 is an unknown value
RSP=0x00007fff517388d0 is pointing into the stack for thread: 0x00007fee7a076800
RBP=0x00007fff51738940 is pointing into the stack for thread: 0x00007fee7a076800
RSI=0x0000003d04273140 is an unknown value
RDI=0x00007fff70ef3e80: _ZN12_GLOBAL__N_1L12SideTableBufE+0 in /usr/lib/libobjc.A.dylib at 0x00007fff827c6000
R8 =0x00007fff863ba9fb: storeARCWeakAt+0 in /System/Library/Frameworks/Foundation.framework/Versions/C/Foundation at 0x00007fff8639c000
R9 =0x00007fee78545280 is an unknown value
R10=0x000000000000005a is an unknown value
R11=0x0000000000000012 is an unknown value
R12=0x00007fee78580250 is an unknown value
R13=0x0000000000000000 is an unknown value
R14=0x00007fff70ef5480: _ZN12_GLOBAL__N_1L12SideTableBufE+0x1600 in /usr/lib/libobjc.A.dylib at 0x00007fff827c6000
R15=0x0000000000000000 is an unknown value


Stack: [0x00007fff50f3e000,0x00007fff5173e000],  sp=0x00007fff517388d0,  free space=8170k
Native frames: (J=compiled Java code, j=interpreted, Vv=VM code, C=native code)
C  [libobjc.A.dylib+0xc8df]  objc_storeWeak+0x104
C  [Foundation+0x15807]  -[NSConcreteMapTable setObject:forKey:]+0x6e
C  [AppKit+0x2f9561]  -[NSView(NSOpenGLContextAssociation) _setOpenGLContext:]+0xf2
C  [AppKit+0x651a00]  __27-[NSOpenGLContext setView:]_block_invoke+0xd6
C  [AppKit+0x835659]  NSPerformVisuallyAtomicChange+0x93
C  [AppKit+0x2f9204]  -[NSOpenGLContext setView:]+0x77
C  [liblwjgl.dylib+0xa586]  -[MacOSXOpenGLView lockFocus]+0x76
C  [AppKit+0xd77c3]  -[NSView _recursiveDisplayRectIfNeededIgnoringOpacity:isVisibleRect:rectIsVisibleRectForView:topView:]+0x6e2
C  [AppKit+0xd87b1]  -[NSView _recursiveDisplayRectIfNeededIgnoringOpacity:isVisibleRect:rectIsVisibleRectForView:topView:]+0x16d0
C  [AppKit+0xd6c0c]  -[NSThemeFrame _recursiveDisplayRectIfNeededIgnoringOpacity:isVisibleRect:rectIsVisibleRectForView:topView:]+0x14e
C  [AppKit+0xd31ef]  -[NSView _displayRectIgnoringOpacity:isVisibleRect:rectIsVisibleRectForView:]+0x991
C  [AppKit+0x8d971]  -[NSView displayIfNeeded]+0x79e
C  [AppKit+0x8d19c]  -[NSWindow displayIfNeeded]+0xe8
C  [AppKit+0x8096da]  ___NSWindowGetDisplayCycleObserver_block_invoke6367+0x1dc
C  [AppKit+0x4500d6]  __37+[NSDisplayCycle currentDisplayCycle]_block_invoke+0x2e2
C  [QuartzCore+0x173b5d]  CA::Transaction::run_commit_handlers(CATransactionPhase)+0x55
C  [QuartzCore+0xdc7c]  CA::Context::commit_transaction(CA::Transaction*)+0xa0
C  [QuartzCore+0xda24]  CA::Transaction::commit()+0x1fc
C  [QuartzCore+0x1c917]  CA::Transaction::observer_callback(__CFRunLoopObserver*, unsigned long, void*)+0x47
C  [CoreFoundation+0x7de37]  __CFRUNLOOP_IS_CALLING_OUT_TO_AN_OBSERVER_CALLBACK_FUNCTION__+0x17
C  [CoreFoundation+0x7dda7]  __CFRunLoopDoObservers+0x187
C  [CoreFoundation+0x6f358]  CFRunLoopRunSpecific+0x148
C  [HIToolbox+0x30935]  RunCurrentEventLoopInMode+0xeb
C  [HIToolbox+0x30677]  ReceiveNextEventCommon+0xb8
C  [HIToolbox+0x305af]  _BlockUntilNextEventMatchingListInModeWithFilter+0x47
C  [AppKit+0x8a0ee]  _DPSNextEvent+0x42b
C  [AppKit+0x456943]  -[NSApplication _nextEventMatchingEventMask:untilDate:inMode:dequeue:]+0x1c6
C  [libosxapp.dylib+0x242a]  -[NSApplicationAWT nextEventMatchingMask:untilDate:inMode:dequeue:]+0x7c
C  [AppKit+0x7ffc8]  -[NSApplication run]+0x2aa
C  [libosxapp.dylib+0x223e]  +[NSApplicationAWT runAWTLoopWithApp:]+0x9c
C  [libawt_lwawt.dylib+0x4494f]  -[AWTStarter starter:]+0x389
C  [Foundation+0x8dd4b]  __NSThreadPerformPerform+0x117
C  [CoreFoundation+0x7e5c1]  __CFRUNLOOP_IS_CALLING_OUT_TO_A_SOURCE0_PERFORM_FUNCTION__+0x11
C  [CoreFoundation+0x7041c]  __CFRunLoopDoSources0+0x22c
C  [CoreFoundation+0x6f93f]  __CFRunLoopRun+0x39f
C  [CoreFoundation+0x6f338]  CFRunLoopRunSpecific+0x128
C  [java+0x56cc]  CreateExecutionEnvironment+0x367
C  [java+0x165c]  JLI_Launch+0x7a0
C  [java+0x768a]  main+0x65
C  [java+0xeb4]  start+0x34
C  0x0000000000000009


---------------  P R O C E S S  ---------------

Java Threads: ( => current thread )
  0x00007fee798be000 JavaThread "AWT-Shutdown" [_thread_blocked, id=30227, stack(0x00007000012d6000,0x00007000013d6000)]
=>0x00007fee7a076800 JavaThread "AppKit Thread" daemon [_thread_in_native, id=2571, stack(0x00007fff50f3e000,0x00007fff5173e000)]
  0x00007fee7989d000 JavaThread "Monitor Ctrl-Break" daemon [_thread_in_native, id=19459, stack(0x0000700000fc7000,0x00007000010c7000)]
  0x00007fee79055800 JavaThread "Service Thread" daemon [_thread_blocked, id=18435, stack(0x0000700000dc1000,0x0000700000ec1000)]
  0x00007fee7984e800 JavaThread "C1 CompilerThread2" daemon [_thread_blocked, id=17923, stack(0x0000700000cbe000,0x0000700000dbe000)]
  0x00007fee7984d800 JavaThread "C2 CompilerThread1" daemon [_thread_blocked, id=17411, stack(0x0000700000bbb000,0x0000700000cbb000)]
  0x00007fee7984c000 JavaThread "C2 CompilerThread0" daemon [_thread_blocked, id=16899, stack(0x0000700000ab8000,0x0000700000bb8000)]
  0x00007fee7881a800 JavaThread "Signal Dispatcher" daemon [_thread_blocked, id=12815, stack(0x00007000009b5000,0x0000700000ab5000)]
  0x00007fee7a019000 JavaThread "Finalizer" daemon [_thread_blocked, id=12291, stack(0x000070000082f000,0x000070000092f000)]
  0x00007fee7a000800 JavaThread "Reference Handler" daemon [_thread_blocked, id=11779, stack(0x000070000072c000,0x000070000082c000)]
  0x00007fee79803000 JavaThread "main" [_thread_in_native, id=5891, stack(0x000070000011a000,0x000070000021a000)]

Other Threads:
  0x00007fee78811000 VMThread [stack: 0x0000700000629000,0x0000700000729000] [id=11267]
  0x00007fee79061000 WatcherThread [stack: 0x0000700000ec4000,0x0000700000fc4000] [id=18947]

VM state:not at safepoint (normal execution)

VM Mutex/Monitor currently owned by a thread: None

Heap:
 PSYoungGen      total 38400K, used 18648K [0x0000000795580000, 0x0000000798000000, 0x00000007c0000000)
  eden space 33280K, 56% used [0x0000000795580000,0x00000007967b6160,0x0000000797600000)
  from space 5120K, 0% used [0x0000000797b00000,0x0000000797b00000,0x0000000798000000)
  to   space 5120K, 0% used [0x0000000797600000,0x0000000797600000,0x0000000797b00000)
 ParOldGen       total 87552K, used 0K [0x0000000740000000, 0x0000000745580000, 0x0000000795580000)
  object space 87552K, 0% used [0x0000000740000000,0x0000000740000000,0x0000000745580000)
 Metaspace       used 7299K, capacity 7407K, committed 7424K, reserved 1056768K
  class space    used 735K, capacity 760K, committed 768K, reserved 1048576K

Card table byte_map: [0x000000011f3c0000,0x000000011f7c1000] byte_map_base: 0x000000011b9c0000

Marking Bits: (ParMarkBitMap*) 0x000000010f000330
 Begin Bits: [0x000000011fa6c000, 0x0000000121a6c000)
 End Bits:   [0x0000000121a6c000, 0x0000000123a6c000)

Polling page: 0x000000010f77c000

CodeCache: size=245760Kb used=2880Kb max_used=2880Kb free=242879Kb
 bounds [0x0000000110000000, 0x00000001102e0000, 0x000000011f000000]
 total_blobs=1164 nmethods=760 adapters=319
 compilation: enabled

Compilation events (10 events):
Event: 9.147 Thread 0x00007fee7984e800  755       3       org.newdawn.slick.opengl.renderer.DefaultLineStripRenderer::setAntiAlias (32 bytes)
Event: 9.148 Thread 0x00007fee7984e800 nmethod 755 0x00000001102cca90 code [0x00000001102ccd40, 0x00000001102cdbb8]
Event: 9.148 Thread 0x00007fee7984e800  756       3       com.Torvald.Terrarum.Actors.Player::render (32 bytes)
Event: 9.149 Thread 0x00007fee7984e800 nmethod 756 0x00000001102ce6d0 code [0x00000001102ce880, 0x00000001102ced78]
Event: 9.156 Thread 0x00007fee7984e800  760       3       java.nio.ByteBuffer::put (55 bytes)
Event: 9.157 Thread 0x00007fee7984e800 nmethod 760 0x00000001102cefd0 code [0x00000001102cf1a0, 0x00000001102cf768]
Event: 9.157 Thread 0x00007fee7984e800  761   !   3       org.lwjgl.opengl.Display::isCloseRequested (38 bytes)
Event: 9.157 Thread 0x00007fee7984e800 nmethod 761 0x00000001102cfa50 code [0x00000001102cfc00, 0x00000001102d03a8]
Event: 9.157 Thread 0x00007fee7984e800  762   !   3       org.lwjgl.opengl.MacOSXDisplay::isCloseRequested (26 bytes)
Event: 9.157 Thread 0x00007fee7984e800 nmethod 762 0x00000001102d0710 code [0x00000001102d0880, 0x00000001102d0b70]

GC Heap History (0 events):
No events

Deoptimization events (0 events):
No events

Internal exceptions (10 events):
Event: 4.789 Thread 0x00007fee79803000 Exception <a 'java/security/PrivilegedActionException'> (0x00000007966cd910) thrown at [/HUDSON3/workspace/8-2-build-macosx-x86_64/jdk8u20/1074/hotspot/src/share/vm/prims/jvm.cpp, line 1275]
Event: 4.804 Thread 0x00007fee79803000 Exception <a 'java/security/PrivilegedActionException'> (0x00000007966d3778) thrown at [/HUDSON3/workspace/8-2-build-macosx-x86_64/jdk8u20/1074/hotspot/src/share/vm/prims/jvm.cpp, line 1275]
Event: 4.829 Thread 0x00007fee79803000 Exception <a 'java/security/PrivilegedActionException'> (0x00000007966e47f8) thrown at [/HUDSON3/workspace/8-2-build-macosx-x86_64/jdk8u20/1074/hotspot/src/share/vm/prims/jvm.cpp, line 1275]
Event: 4.847 Thread 0x00007fee79803000 Exception <a 'java/security/PrivilegedActionException'> (0x00000007966e8850) thrown at [/HUDSON3/workspace/8-2-build-macosx-x86_64/jdk8u20/1074/hotspot/src/share/vm/prims/jvm.cpp, line 1275]
Event: 4.848 Thread 0x00007fee79803000 Exception <a 'java/security/PrivilegedActionException'> (0x00000007966ece98) thrown at [/HUDSON3/workspace/8-2-build-macosx-x86_64/jdk8u20/1074/hotspot/src/share/vm/prims/jvm.cpp, line 1275]
Event: 4.866 Thread 0x00007fee79803000 Exception <a 'java/security/PrivilegedActionException'> (0x00000007966f0cb8) thrown at [/HUDSON3/workspace/8-2-build-macosx-x86_64/jdk8u20/1074/hotspot/src/share/vm/prims/jvm.cpp, line 1275]
Event: 4.877 Thread 0x00007fee79803000 Exception <a 'java/security/PrivilegedActionException'> (0x00000007966f5100) thrown at [/HUDSON3/workspace/8-2-build-macosx-x86_64/jdk8u20/1074/hotspot/src/share/vm/prims/jvm.cpp, line 1275]
Event: 4.879 Thread 0x00007fee79803000 Exception <a 'java/security/PrivilegedActionException'> (0x00000007966fd540) thrown at [/HUDSON3/workspace/8-2-build-macosx-x86_64/jdk8u20/1074/hotspot/src/share/vm/prims/jvm.cpp, line 1275]
Event: 4.892 Thread 0x00007fee79803000 Exception <a 'java/security/PrivilegedActionException'> (0x00000007967013f0) thrown at [/HUDSON3/workspace/8-2-build-macosx-x86_64/jdk8u20/1074/hotspot/src/share/vm/prims/jvm.cpp, line 1275]
Event: 4.899 Thread 0x00007fee79803000 Exception <a 'java/security/PrivilegedActionException'> (0x0000000796706f58) thrown at [/HUDSON3/workspace/8-2-build-macosx-x86_64/jdk8u20/1074/hotspot/src/share/vm/prims/jvm.cpp, line 1275]

Events (10 events):
Event: 4.892 loading class org/newdawn/slick/AngelCodeFont$DisplayList
Event: 4.892 loading class org/newdawn/slick/AngelCodeFont$DisplayList done
Event: 4.899 loading class com/jme3/math/FastMath
Event: 4.899 loading class com/jme3/math/FastMath done
Event: 4.925 loading class java/util/Random
Event: 4.925 loading class java/util/Random done
Event: 4.925 loading class java/util/concurrent/atomic/AtomicLong
Event: 4.925 loading class java/util/concurrent/atomic/AtomicLong done
Event: 9.298 loading class org/lwjgl/opengl/CallbackUtil
Event: 9.298 loading class org/lwjgl/opengl/CallbackUtil done


Dynamic libraries:
0x00000000005e7000 	/System/Library/Frameworks/Cocoa.framework/Versions/A/Cocoa
0x00000000005e7000 	/System/Library/Frameworks/Security.framework/Versions/A/Security
0x00000000005e7000 	/System/Library/Frameworks/ApplicationServices.framework/Versions/A/ApplicationServices
0x00000000005e7000 	/usr/lib/libz.1.dylib
0x00000000005e7000 	/usr/lib/libSystem.B.dylib
0x00000000005e7000 	/usr/lib/libobjc.A.dylib
0x00000000005e7000 	/System/Library/Frameworks/CoreFoundation.framework/Versions/A/CoreFoundation
0x00000000005e7000 	/System/Library/Frameworks/Foundation.framework/Versions/C/Foundation
0x00000000005e7000 	/System/Library/Frameworks/AppKit.framework/Versions/C/AppKit
0x00000000005e7000 	/System/Library/Frameworks/CoreData.framework/Versions/A/CoreData
0x00000000005e7000 	/System/Library/PrivateFrameworks/RemoteViewServices.framework/Versions/A/RemoteViewServices
0x00000000005e7000 	/System/Library/PrivateFrameworks/UIFoundation.framework/Versions/A/UIFoundation
0x00000000005e7000 	/usr/lib/libScreenReader.dylib
0x00000000005e7000 	/System/Library/Frameworks/Accelerate.framework/Versions/A/Accelerate
0x00000000005e7000 	/System/Library/Frameworks/IOSurface.framework/Versions/A/IOSurface
0x00000000005e7000 	/System/Library/Frameworks/AudioToolbox.framework/Versions/A/AudioToolbox
0x00000000005e7000 	/System/Library/Frameworks/AudioUnit.framework/Versions/A/AudioUnit
0x00000000005e7000 	/System/Library/PrivateFrameworks/DataDetectorsCore.framework/Versions/A/DataDetectorsCore
0x00000000005e7000 	/System/Library/PrivateFrameworks/DesktopServicesPriv.framework/Versions/A/DesktopServicesPriv
0x00000000005e7000 	/System/Library/Frameworks/Carbon.framework/Versions/A/Frameworks/HIToolbox.framework/Versions/A/HIToolbox
0x00000000005e7000 	/System/Library/Frameworks/QuartzCore.framework/Versions/A/QuartzCore
0x00000000005e7000 	/System/Library/Frameworks/Carbon.framework/Versions/A/Frameworks/SpeechRecognition.framework/Versions/A/SpeechRecognition
0x00000000005e7000 	/usr/lib/libauto.dylib
0x00000000005e7000 	/usr/lib/libicucore.A.dylib
0x00000000005e7000 	/usr/lib/libxml2.2.dylib
0x00000000005e7000 	/System/Library/PrivateFrameworks/CoreUI.framework/Versions/A/CoreUI
0x00000000005e7000 	/System/Library/Frameworks/CoreAudio.framework/Versions/A/CoreAudio
0x00000000005e7000 	/System/Library/Frameworks/DiskArbitration.framework/Versions/A/DiskArbitration
0x00000000005e7000 	/usr/lib/liblangid.dylib
0x00000000005e7000 	/System/Library/PrivateFrameworks/MultitouchSupport.framework/Versions/A/MultitouchSupport
0x00000000005e7000 	/System/Library/Frameworks/IOKit.framework/Versions/A/IOKit
0x00000000005e7000 	/usr/lib/libDiagnosticMessagesClient.dylib
0x00000000005e7000 	/System/Library/Frameworks/CoreServices.framework/Versions/A/CoreServices
0x00000000005e7000 	/System/Library/PrivateFrameworks/PerformanceAnalysis.framework/Versions/A/PerformanceAnalysis
0x00000000005e7000 	/System/Library/PrivateFrameworks/GenerationalStorage.framework/Versions/A/GenerationalStorage
0x00000000005e7000 	/System/Library/Frameworks/OpenGL.framework/Versions/A/OpenGL
0x00000000005e7000 	/System/Library/PrivateFrameworks/Sharing.framework/Versions/A/Sharing
0x00000000005e7000 	/System/Library/Frameworks/CoreGraphics.framework/Versions/A/CoreGraphics
0x00000000005e7000 	/System/Library/Frameworks/CoreImage.framework/Versions/A/CoreImage
0x00000000005e7000 	/System/Library/Frameworks/CoreText.framework/Versions/A/CoreText
0x00000000005e7000 	/System/Library/Frameworks/ImageIO.framework/Versions/A/ImageIO
0x00000000005e7000 	/System/Library/PrivateFrameworks/Backup.framework/Versions/A/Backup
0x00000000005e7000 	/usr/lib/libextension.dylib
0x00000000005e7000 	/usr/lib/libarchive.2.dylib
0x00000000005e7000 	/System/Library/Frameworks/CFNetwork.framework/Versions/A/CFNetwork
0x00000000005e7000 	/System/Library/Frameworks/SystemConfiguration.framework/Versions/A/SystemConfiguration
0x00000000005e7000 	/usr/lib/libCRFSuite.dylib
0x00000000005e7000 	/usr/lib/libc++.1.dylib
0x00000000005e7000 	/usr/lib/libc++abi.dylib
0x00000000005e7000 	/usr/lib/system/libcache.dylib
0x00000000005e7000 	/usr/lib/system/libcommonCrypto.dylib
0x00000000005e7000 	/usr/lib/system/libcompiler_rt.dylib
0x00000000005e7000 	/usr/lib/system/libcopyfile.dylib
0x00000000005e7000 	/usr/lib/system/libcorecrypto.dylib
0x00000000005e7000 	/usr/lib/system/libdispatch.dylib
0x00000000005e7000 	/usr/lib/system/libdyld.dylib
0x00000000005e7000 	/usr/lib/system/libkeymgr.dylib
0x00000000005e7000 	/usr/lib/system/liblaunch.dylib
0x00000000005e7000 	/usr/lib/system/libmacho.dylib
0x00000000005e7000 	/usr/lib/system/libquarantine.dylib
0x00000000005e7000 	/usr/lib/system/libremovefile.dylib
0x00000000005e7000 	/usr/lib/system/libsystem_asl.dylib
0x00000000005e7000 	/usr/lib/system/libsystem_blocks.dylib
0x00000000005e7000 	/usr/lib/system/libsystem_c.dylib
0x00000000005e7000 	/usr/lib/system/libsystem_configuration.dylib
0x00000000005e7000 	/usr/lib/system/libsystem_coreservices.dylib
0x00000000005e7000 	/usr/lib/system/libsystem_coretls.dylib
0x00000000005e7000 	/usr/lib/system/libsystem_dnssd.dylib
0x00000000005e7000 	/usr/lib/system/libsystem_info.dylib
0x00000000005e7000 	/usr/lib/system/libsystem_kernel.dylib
0x00000000005e7000 	/usr/lib/system/libsystem_m.dylib
0x00000000005e7000 	/usr/lib/system/libsystem_malloc.dylib
0x00000000005e7000 	/usr/lib/system/libsystem_network.dylib
0x00000000005e7000 	/usr/lib/system/libsystem_networkextension.dylib
0x00000000005e7000 	/usr/lib/system/libsystem_notify.dylib
0x00000000005e7000 	/usr/lib/system/libsystem_platform.dylib
0x00000000005e7000 	/usr/lib/system/libsystem_pthread.dylib
0x00000000005e7000 	/usr/lib/system/libsystem_sandbox.dylib
0x00000000005e7000 	/usr/lib/system/libsystem_secinit.dylib
0x00000000005e7000 	/usr/lib/system/libsystem_trace.dylib
0x00000000005e7000 	/usr/lib/system/libunc.dylib
0x00000000005e7000 	/usr/lib/system/libunwind.dylib
0x00000000005e7000 	/usr/lib/system/libxpc.dylib
0x00000000005e7000 	/usr/lib/libenergytrace.dylib
0x00000000005e7000 	/usr/lib/libbsm.0.dylib
0x00000000005e7000 	/usr/lib/system/libkxld.dylib
0x00000000005e7000 	/usr/lib/libxar.1.dylib
0x00000000005e7000 	/usr/lib/libsqlite3.dylib
0x00000000005e7000 	/usr/lib/libpam.2.dylib
0x00000000005e7000 	/usr/lib/libOpenScriptingUtil.dylib
0x00000000005e7000 	/usr/lib/libbz2.1.0.dylib
0x00000000005e7000 	/usr/lib/liblzma.5.dylib
0x00000000005e7000 	/System/Library/Frameworks/CoreServices.framework/Versions/A/Frameworks/FSEvents.framework/Versions/A/FSEvents
0x00000000005e7000 	/System/Library/Frameworks/CoreServices.framework/Versions/A/Frameworks/CarbonCore.framework/Versions/A/CarbonCore
0x00000000005e7000 	/System/Library/Frameworks/CoreServices.framework/Versions/A/Frameworks/Metadata.framework/Versions/A/Metadata
0x00000000005e7000 	/System/Library/Frameworks/CoreServices.framework/Versions/A/Frameworks/OSServices.framework/Versions/A/OSServices
0x00000000005e7000 	/System/Library/Frameworks/CoreServices.framework/Versions/A/Frameworks/SearchKit.framework/Versions/A/SearchKit
0x00000000005e7000 	/System/Library/Frameworks/CoreServices.framework/Versions/A/Frameworks/AE.framework/Versions/A/AE
0x00000000005e7000 	/System/Library/Frameworks/CoreServices.framework/Versions/A/Frameworks/LaunchServices.framework/Versions/A/LaunchServices
0x00000000005e7000 	/System/Library/Frameworks/CoreServices.framework/Versions/A/Frameworks/DictionaryServices.framework/Versions/A/DictionaryServices
0x00000000005e7000 	/System/Library/Frameworks/CoreServices.framework/Versions/A/Frameworks/SharedFileList.framework/Versions/A/SharedFileList
0x00000000005e7000 	/System/Library/Frameworks/NetFS.framework/Versions/A/NetFS
0x00000000005e7000 	/System/Library/PrivateFrameworks/NetAuth.framework/Versions/A/NetAuth
0x00000000005e7000 	/System/Library/PrivateFrameworks/login.framework/Versions/A/Frameworks/loginsupport.framework/Versions/A/loginsupport
0x00000000005e7000 	/System/Library/PrivateFrameworks/TCC.framework/Versions/A/TCC
0x00000000005e7000 	/usr/lib/libmecabra.dylib
0x00000000005e7000 	/System/Library/Frameworks/ApplicationServices.framework/Versions/A/Frameworks/ATS.framework/Versions/A/ATS
0x00000000005e7000 	/System/Library/Frameworks/ApplicationServices.framework/Versions/A/Frameworks/ColorSync.framework/Versions/A/ColorSync
0x00000000005e7000 	/System/Library/Frameworks/ApplicationServices.framework/Versions/A/Frameworks/HIServices.framework/Versions/A/HIServices
0x00000000005e7000 	/System/Library/Frameworks/ApplicationServices.framework/Versions/A/Frameworks/LangAnalysis.framework/Versions/A/LangAnalysis
0x00000000005e7000 	/System/Library/Frameworks/ApplicationServices.framework/Versions/A/Frameworks/PrintCore.framework/Versions/A/PrintCore
0x00000000005e7000 	/System/Library/Frameworks/ApplicationServices.framework/Versions/A/Frameworks/QD.framework/Versions/A/QD
0x00000000005e7000 	/System/Library/Frameworks/ApplicationServices.framework/Versions/A/Frameworks/SpeechSynthesis.framework/Versions/A/SpeechSynthesis
0x00000000005e7000 	/System/Library/Frameworks/Metal.framework/Versions/A/Metal
0x00000000005e7000 	/System/Library/Frameworks/Accelerate.framework/Versions/A/Frameworks/vImage.framework/Versions/A/vImage
0x00000000005e7000 	/System/Library/Frameworks/Accelerate.framework/Versions/A/Frameworks/vecLib.framework/Versions/A/vecLib
0x00000000005e7000 	/System/Library/Frameworks/Accelerate.framework/Versions/A/Frameworks/vecLib.framework/Versions/A/libvDSP.dylib
0x00000000005e7000 	/System/Library/Frameworks/Accelerate.framework/Versions/A/Frameworks/vecLib.framework/Versions/A/libvMisc.dylib
0x00000000005e7000 	/System/Library/Frameworks/Accelerate.framework/Versions/A/Frameworks/vecLib.framework/Versions/A/libLAPACK.dylib
0x00000000005e7000 	/System/Library/Frameworks/Accelerate.framework/Versions/A/Frameworks/vecLib.framework/Versions/A/libBLAS.dylib
0x00000000005e7000 	/System/Library/Frameworks/Accelerate.framework/Versions/A/Frameworks/vecLib.framework/Versions/A/libLinearAlgebra.dylib
0x00000000005e7000 	/System/Library/Frameworks/Accelerate.framework/Versions/A/Frameworks/vecLib.framework/Versions/A/libSparseBLAS.dylib
0x00000000005e7000 	/System/Library/PrivateFrameworks/GPUCompiler.framework/libmetal_timestamp.dylib
0x00000000005e7000 	/System/Library/Frameworks/OpenGL.framework/Versions/A/Libraries/libCoreFSCache.dylib
0x00000000005e7000 	/System/Library/PrivateFrameworks/IOAccelerator.framework/Versions/A/IOAccelerator
0x00000000005e7000 	/System/Library/Frameworks/ApplicationServices.framework/Versions/A/Frameworks/ATS.framework/Versions/A/Resources/libFontParser.dylib
0x00000000005e7000 	/System/Library/Frameworks/ApplicationServices.framework/Versions/A/Frameworks/ATS.framework/Versions/A/Resources/libFontRegistry.dylib
0x00000000005e7000 	/System/Library/PrivateFrameworks/AppleVPA.framework/Versions/A/AppleVPA
0x00000000005e7000 	/System/Library/PrivateFrameworks/AppleJPEG.framework/Versions/A/AppleJPEG
0x00000000005e7000 	/System/Library/Frameworks/ImageIO.framework/Versions/A/Resources/libJPEG.dylib
0x00000000005e7000 	/System/Library/Frameworks/ImageIO.framework/Versions/A/Resources/libTIFF.dylib
0x00000000005e7000 	/System/Library/Frameworks/ImageIO.framework/Versions/A/Resources/libPng.dylib
0x00000000005e7000 	/System/Library/Frameworks/ImageIO.framework/Versions/A/Resources/libGIF.dylib
0x00000000005e7000 	/System/Library/Frameworks/ImageIO.framework/Versions/A/Resources/libJP2.dylib
0x00000000005e7000 	/System/Library/Frameworks/ImageIO.framework/Versions/A/Resources/libRadiance.dylib
0x00000000005e7000 	/System/Library/Frameworks/CoreVideo.framework/Versions/A/CoreVideo
0x00000000005e7000 	/System/Library/Frameworks/OpenGL.framework/Versions/A/Libraries/libGLU.dylib
0x00000000005e7000 	/System/Library/Frameworks/OpenGL.framework/Versions/A/Libraries/libGFXShared.dylib
0x00000000005e7000 	/System/Library/Frameworks/OpenGL.framework/Versions/A/Libraries/libGL.dylib
0x00000000005e7000 	/System/Library/Frameworks/OpenGL.framework/Versions/A/Libraries/libGLImage.dylib
0x00000000005e7000 	/System/Library/Frameworks/OpenGL.framework/Versions/A/Libraries/libCVMSPluginSupport.dylib
0x00000000005e7000 	/System/Library/Frameworks/OpenGL.framework/Versions/A/Libraries/libCoreVMClient.dylib
0x00000000005e7000 	/usr/lib/libcups.2.dylib
0x00000000005e7000 	/System/Library/Frameworks/Kerberos.framework/Versions/A/Kerberos
0x00000000005e7000 	/System/Library/Frameworks/GSS.framework/Versions/A/GSS
0x00000000005e7000 	/usr/lib/libresolv.9.dylib
0x00000000005e7000 	/usr/lib/libiconv.2.dylib
0x00000000005e7000 	/System/Library/PrivateFrameworks/Heimdal.framework/Versions/A/Heimdal
0x00000000005e7000 	/usr/lib/libheimdal-asn1.dylib
0x00000000005e7000 	/System/Library/Frameworks/OpenDirectory.framework/Versions/A/OpenDirectory
0x00000000005e7000 	/System/Library/PrivateFrameworks/CommonAuth.framework/Versions/A/CommonAuth
0x00000000005e7000 	/System/Library/Frameworks/OpenDirectory.framework/Versions/A/Frameworks/CFOpenDirectory.framework/Versions/A/CFOpenDirectory
0x00000000005e7000 	/System/Library/Frameworks/SecurityFoundation.framework/Versions/A/SecurityFoundation
0x00000000005e7000 	/System/Library/PrivateFrameworks/LanguageModeling.framework/Versions/A/LanguageModeling
0x00000000005e7000 	/usr/lib/libmarisa.dylib
0x00000000005e7000 	/usr/lib/libChineseTokenizer.dylib
0x00000000005e7000 	/usr/lib/libcmph.dylib
0x00000000005e7000 	/usr/lib/libcompression.dylib
0x00000000005e7000 	/System/Library/Frameworks/ServiceManagement.framework/Versions/A/ServiceManagement
0x00000000005e7000 	/usr/lib/libxslt.1.dylib
0x00000000005e7000 	/System/Library/Frameworks/Carbon.framework/Versions/A/Frameworks/Ink.framework/Versions/A/Ink
0x00000000005e7000 	/usr/lib/libFosl_dynamic.dylib
0x00000000005e7000 	/System/Library/PrivateFrameworks/FaceCore.framework/Versions/A/FaceCore
0x00000000005e7000 	/System/Library/Frameworks/OpenCL.framework/Versions/A/OpenCL
0x00000000005e7000 	/System/Library/PrivateFrameworks/CrashReporterSupport.framework/Versions/A/CrashReporterSupport
0x00000000005e7000 	/System/Library/PrivateFrameworks/IconServices.framework/Versions/A/IconServices
0x00000000005e7000 	/System/Library/PrivateFrameworks/Apple80211.framework/Versions/A/Apple80211
0x00000000005e7000 	/System/Library/Frameworks/CoreWLAN.framework/Versions/A/CoreWLAN
0x00000000005e7000 	/System/Library/Frameworks/IOBluetooth.framework/Versions/A/IOBluetooth
0x00000000005e7000 	/System/Library/PrivateFrameworks/CoreWiFi.framework/Versions/A/CoreWiFi
0x00000000005e7000 	/System/Library/Frameworks/CoreBluetooth.framework/Versions/A/CoreBluetooth
0x00000000005e7000 	/System/Library/PrivateFrameworks/ChunkingLibrary.framework/Versions/A/ChunkingLibrary
0x00000000005e7000 	/System/Library/PrivateFrameworks/DebugSymbols.framework/Versions/A/DebugSymbols
0x00000000005e7000 	/System/Library/PrivateFrameworks/CoreSymbolication.framework/Versions/A/CoreSymbolication
0x00000000005e7000 	/System/Library/PrivateFrameworks/Symbolication.framework/Versions/A/Symbolication
0x00000000005e7000 	/System/Library/PrivateFrameworks/SpeechRecognitionCore.framework/Versions/A/SpeechRecognitionCore
0x0000000053c0d000 	/System/Library/CoreServices/Encodings/libKoreanConverter.dylib
0x000000010e764000 	/Library/Java/JavaVirtualMachines/jdk1.8.0_20.jdk/Contents/Home/jre/lib/server/libjvm.dylib
0x000000010f683000 	/usr/lib/libstdc++.6.dylib
0x000000010f73a000 	/Library/Java/JavaVirtualMachines/jdk1.8.0_20.jdk/Contents/Home/jre/lib/libverify.dylib
0x000000010f748000 	/Library/Java/JavaVirtualMachines/jdk1.8.0_20.jdk/Contents/Home/jre/lib/libjava.dylib
0x000000010f786000 	/Library/Java/JavaVirtualMachines/jdk1.8.0_20.jdk/Contents/Home/jre/lib/libzip.dylib
0x00000001258ef000 	/System/Library/Frameworks/JavaVM.framework/Frameworks/JavaRuntimeSupport.framework/JavaRuntimeSupport
0x000000012590a000 	/System/Library/Frameworks/JavaVM.framework/Versions/A/Frameworks/JavaNativeFoundation.framework/Versions/A/JavaNativeFoundation
0x000000012591f000 	/System/Library/Frameworks/JavaVM.framework/Versions/A/JavaVM
0x00000000005e7000 	/System/Library/Frameworks/Carbon.framework/Versions/A/Carbon
0x000000012592c000 	/System/Library/PrivateFrameworks/JavaLaunching.framework/Versions/A/JavaLaunching
0x00000000005e7000 	/System/Library/Frameworks/Carbon.framework/Versions/A/Frameworks/CommonPanels.framework/Versions/A/CommonPanels
0x00000000005e7000 	/System/Library/Frameworks/Carbon.framework/Versions/A/Frameworks/Help.framework/Versions/A/Help
0x00000000005e7000 	/System/Library/Frameworks/Carbon.framework/Versions/A/Frameworks/ImageCapture.framework/Versions/A/ImageCapture
0x00000000005e7000 	/System/Library/Frameworks/Carbon.framework/Versions/A/Frameworks/OpenScripting.framework/Versions/A/OpenScripting
0x00000000005e7000 	/System/Library/Frameworks/Carbon.framework/Versions/A/Frameworks/Print.framework/Versions/A/Print
0x00000000005e7000 	/System/Library/Frameworks/Carbon.framework/Versions/A/Frameworks/SecurityHI.framework/Versions/A/SecurityHI
0x000000012738d000 	/Applications/IntelliJ IDEA 15 CE.app/Contents/bin/libbreakgen64.jnilib
0x0000000127390000 	/Library/Java/JavaVirtualMachines/jdk1.8.0_20.jdk/Contents/Home/jre/lib/libnet.dylib
0x00000001273ef000 	/Library/Java/JavaVirtualMachines/jdk1.8.0_20.jdk/Contents/Home/jre/lib/libawt.dylib
0x000000012749e000 	/Library/Java/JavaVirtualMachines/jdk1.8.0_20.jdk/Contents/Home/jre/lib/./libmlib_image.dylib
0x000000012756a000 	/Library/Java/JavaVirtualMachines/jdk1.8.0_20.jdk/Contents/Home/jre/lib/libawt_lwawt.dylib
0x000000012761d000 	/Library/Java/JavaVirtualMachines/jdk1.8.0_20.jdk/Contents/Home/jre/lib/./libosxapp.dylib
0x00000000005e7000 	/System/Library/Frameworks/ExceptionHandling.framework/Versions/A/ExceptionHandling
0x00000000005e7000 	/System/Library/PrivateFrameworks/CoreServicesInternal.framework/Versions/A/CoreServicesInternal
0x00000000005e7000 	/System/Library/Frameworks/CoreGraphics.framework/Versions/A/Resources/libRIP.A.dylib
0x000000012822f000 	/System/Library/Frameworks/Accelerate.framework/Frameworks/vImage.framework/Versions/A/Libraries/libCGInterfaces.dylib
0x00000000005e7000 	/System/Library/Frameworks/CoreGraphics.framework/Versions/A/Resources/libCGXType.A.dylib
0x00000000005e7000 	/System/Library/Frameworks/OpenCL.framework/Versions/A/Libraries/libcldcpuengine.dylib
0x00000000005e7000 	/System/Library/PrivateFrameworks/DiskImages.framework/Versions/A/DiskImages
0x00000000005e7000 	/System/Library/Frameworks/DiscRecording.framework/Versions/A/DiscRecording
0x00000000005e7000 	/usr/lib/libcsfde.dylib
0x00000000005e7000 	/usr/lib/libcurl.4.dylib
0x00000000005e7000 	/System/Library/PrivateFrameworks/MediaKit.framework/Versions/A/MediaKit
0x00000000005e7000 	/System/Library/PrivateFrameworks/ProtectedCloudStorage.framework/Versions/A/ProtectedCloudStorage
0x00000000005e7000 	/usr/lib/libCoreStorage.dylib
0x00000000005e7000 	/System/Library/PrivateFrameworks/EFILogin.framework/Versions/A/EFILogin
0x00000000005e7000 	/usr/lib/libutil.dylib
0x00000000005e7000 	/System/Library/PrivateFrameworks/FindMyDevice.framework/Versions/A/FindMyDevice
0x00000000005e7000 	/System/Library/Frameworks/LDAP.framework/Versions/A/LDAP
0x00000000005e7000 	/usr/lib/libsasl2.2.dylib
0x00000000005e7000 	/System/Library/PrivateFrameworks/CoreDaemon.framework/Versions/B/CoreDaemon
0x00000000005e7000 	/usr/lib/libcrypto.0.9.8.dylib
0x00000000005e7000 	/System/Library/PrivateFrameworks/AppleSRP.framework/Versions/A/AppleSRP
0x00000000005e7000 	/System/Library/PrivateFrameworks/TrustEvaluationAgent.framework/Versions/A/TrustEvaluationAgent
0x0000000128f59000 	cl_kernels
0x00000000005e7000 	/System/Library/Frameworks/OpenCL.framework/Versions/A/Libraries/ImageFormats/unorm8_bgra.dylib
0x00000000005e7000 	/System/Library/Frameworks/OpenCL.framework/Versions/A/Libraries/ImageFormats/unorm8_rgba.dylib
0x00000000005e7000 	/System/Library/PrivateFrameworks/FamilyControls.framework/Versions/A/FamilyControls
0x00000000005e7000 	/System/Library/PrivateFrameworks/CommerceKit.framework/Versions/A/Frameworks/CommerceCore.framework/Versions/A/CommerceCore
0x00000000005e7000 	/System/Library/PrivateFrameworks/SystemAdministration.framework/Versions/A/SystemAdministration
0x00000000005e7000 	/System/Library/PrivateFrameworks/AppContainer.framework/Versions/A/AppContainer
0x00000000005e7000 	/System/Library/PrivateFrameworks/SecCodeWrapper.framework/Versions/A/SecCodeWrapper
0x00000000005e7000 	/System/Library/Frameworks/DirectoryService.framework/Versions/A/DirectoryService
0x00000000005e7000 	/System/Library/PrivateFrameworks/LoginUIKit.framework/Versions/A/Frameworks/LoginUICore.framework/Versions/A/LoginUICore
0x00000000005e7000 	/usr/lib/libodfde.dylib
0x0000000129f73000 	/Library/Java/JavaVirtualMachines/jdk1.8.0_20.jdk/Contents/Home/jre/lib/libfontmanager.dylib
0x0000000129fd9000 	/Users/minjaesong/Documents/workspace/Terrarum_renewed/lib/native/liblwjgl.dylib
0x000000012844d000 	/Library/Java/JavaVirtualMachines/jdk1.8.0_20.jdk/Contents/Home/jre/lib/libjawt.dylib
0x000000012a077000 	/System/Library/Frameworks/OpenGL.framework/Resources/GLEngine.bundle/GLEngine
0x00000000005e7000 	/System/Library/Frameworks/OpenGL.framework/Versions/A/Libraries/libGLProgrammability.dylib
0x000000012a25f000 	/System/Library/Extensions/AppleIntelHD4000GraphicsGLDriver.bundle/Contents/MacOS/AppleIntelHD4000GraphicsGLDriver
0x00000000005e7000 	/System/Library/PrivateFrameworks/GPUSupport.framework/Versions/A/Libraries/libGPUSupportMercury.dylib
0x000000012a926000 	/System/Library/Frameworks/OpenGL.framework/Resources//GLRendererFloat.bundle/GLRendererFloat
0x000000012b911000 	/Users/minjaesong/Documents/workspace/Terrarum_renewed/lib/native/libjinput-osx.dylib
0x000000012b916000 	/System/Library/Extensions/IOHIDFamily.kext/Contents/PlugIns/IOHIDLib.plugin/Contents/MacOS/IOHIDLib

VM Arguments:
jvm_args: -Djava.library.path=/Users/minjaesong/Documents/workspace/Terrarum_renewed/lib/native -Didea.launcher.port=7542 -Didea.launcher.bin.path=/Applications/IntelliJ IDEA 15 CE.app/Contents/bin -Dfile.encoding=UTF-8 
java_command: com.intellij.rt.execution.application.AppMain com.Torvald.Terrarum.Terrarum
java_class_path (initial): /Library/Java/JavaVirtualMachines/jdk1.8.0_20.jdk/Contents/Home/lib/ant-javafx.jar:/Library/Java/JavaVirtualMachines/jdk1.8.0_20.jdk/Contents/Home/lib/dt.jar:/Library/Java/JavaVirtualMachines/jdk1.8.0_20.jdk/Contents/Home/lib/javafx-mx.jar:/Library/Java/JavaVirtualMachines/jdk1.8.0_20.jdk/Contents/Home/lib/jconsole.jar:/Library/Java/JavaVirtualMachines/jdk1.8.0_20.jdk/Contents/Home/lib/sa-jdi.jar:/Library/Java/JavaVirtualMachines/jdk1.8.0_20.jdk/Contents/Home/lib/tools.jar:/Library/Java/JavaVirtualMachines/jdk1.8.0_20.jdk/Contents/Home/jre/lib/charsets.jar:/Library/Java/JavaVirtualMachines/jdk1.8.0_20.jdk/Contents/Home/jre/lib/deploy.jar:/Library/Java/JavaVirtualMachines/jdk1.8.0_20.jdk/Contents/Home/jre/lib/javaws.jar:/Library/Java/JavaVirtualMachines/jdk1.8.0_20.jdk/Contents/Home/jre/lib/jce.jar:/Library/Java/JavaVirtualMachines/jdk1.8.0_20.jdk/Contents/Home/jre/lib/jfr.jar:/Library/Java/JavaVirtualMachines/jdk1.8.0_20.jdk/Contents/Home/jre/lib/jfxswt.jar:/Library/Java/JavaVirtualMachines/jdk1.8.0_20.jdk/Contents/Home/jre/lib/jsse.jar:/Library/Java/JavaVirtualMachines/jdk1.8.0_20.jdk/Contents/Home/jre/lib/management-agent.jar:/Library/Java/JavaVirtualMachines/jdk1.8.0_20.jdk/Contents/Home/jre/lib/plugin.jar:/Library/Java/JavaVirtualMachines/jdk1.8.0_20.jdk/Contents/Home/jre/lib/resources.jar:/Library/Java/JavaVirtualMachines/jdk1.8.0_20.jdk/Contents/Home/jre/lib/rt.jar:/Library/Java/JavaVirtualMachines/jdk1.8.0_20.jdk/Contents/Home/jre/lib/ext/cldrdata.jar:/Library/Java/JavaVirtualMachines/jdk1.8.0_20.jdk/Contents/Home/jre/lib/ext/dnsns.jar:/Library/Java/JavaVirtualMachines/jdk1.8.0_20.jdk/Contents/Home/jre/lib/ext/jfxrt.jar:/Library/Java/JavaVirtualMachines/jdk1.8.0_20.jdk/Contents/Home/jre/lib/ext/localedata.jar:/Library/Java/JavaVirtualMachines/jdk1.8.0_20.jdk/Contents/Home/jre/lib/ext/nashorn.jar:/Library/Java/JavaVirtualMachines/jdk1.8.0_20.jdk/Contents/Home/jre/lib/ext/sunec.jar:/Library/Java/JavaVirtualMachines/jdk1.8.0_20.jdk/C
Launcher Type: SUN_STANDARD

Environment Variables:
PATH=/usr/bin:/bin:/usr/sbin:/sbin
SHELL=/bin/bash
DISPLAY=/private/tmp/com.apple.launchd.8AA461ZLSp/org.macosforge.xquartz:0

Signal Handlers:
SIGSEGV: [libjvm.dylib+0x578fd7], sa_mask[0]=11111111011111110111111111111111, sa_flags=SA_ONSTACK|SA_RESTART|SA_SIGINFO
SIGBUS: [libjvm.dylib+0x578fd7], sa_mask[0]=11111111011111110111111111111111, sa_flags=SA_RESTART|SA_SIGINFO
SIGFPE: [libjvm.dylib+0x45ab0c], sa_mask[0]=11111111011111110111111111111111, sa_flags=SA_RESTART|SA_SIGINFO
SIGPIPE: [libjvm.dylib+0x45ab0c], sa_mask[0]=11111111011111110111111111111111, sa_flags=SA_RESTART|SA_SIGINFO
SIGXFSZ: [libjvm.dylib+0x45ab0c], sa_mask[0]=11111111011111110111111111111111, sa_flags=SA_RESTART|SA_SIGINFO
SIGILL: [libjvm.dylib+0x45ab0c], sa_mask[0]=11111111011111110111111111111111, sa_flags=SA_RESTART|SA_SIGINFO
SIGUSR1: SIG_DFL, sa_mask[0]=00000000000000000000000000000000, sa_flags=none
SIGUSR2: [libjvm.dylib+0x45a62a], sa_mask[0]=00100000000000000000000000000000, sa_flags=SA_RESTART|SA_SIGINFO
SIGHUP: [libjvm.dylib+0x458bfd], sa_mask[0]=11111111011111110111111111111111, sa_flags=SA_RESTART|SA_SIGINFO
SIGINT: [libjvm.dylib+0x458bfd], sa_mask[0]=11111111011111110111111111111111, sa_flags=SA_RESTART|SA_SIGINFO
SIGTERM: [libjvm.dylib+0x458bfd], sa_mask[0]=11111111011111110111111111111111, sa_flags=SA_RESTART|SA_SIGINFO
SIGQUIT: [libjvm.dylib+0x458bfd], sa_mask[0]=11111111011111110111111111111111, sa_flags=SA_RESTART|SA_SIGINFO


---------------  S Y S T E M  ---------------

OS:Bsduname:Darwin 15.2.0 Darwin Kernel Version 15.2.0: Fri Nov 13 19:56:56 PST 2015; root:xnu-3248.20.55~2/RELEASE_X86_64 x86_64
rlimit: STACK 8192k, CORE 0k, NPROC 709, NOFILE 10240, AS infinity
load average:1.40 1.49 1.51

CPU:total 4 (2 cores per cpu, 2 threads per core) family 6 model 58 stepping 9, cmov, cx8, fxsr, mmx, sse, sse2, sse3, ssse3, sse4.1, sse4.2, popcnt, avx, aes, clmul, erms, ht, tsc, tscinvbit, tscinv

Memory: 4k page, physical 8388608k(37276k free)

/proc/meminfo:


vm_info: Java HotSpot(TM) 64-Bit Server VM (25.20-b23) for bsd-amd64 JRE (1.8.0_20-b26), built on Jul 30 2014 13:37:47 by "java_re" with gcc 4.2.1 (Based on Apple Inc. build 5658) (LLVM build 2336.9.00)

time: Wed Jan 13 13:33:07 2016
elapsed time: 9 seconds (0d 0h 0m 9s)

