\BOOKMARK [0][-]{chapter.1}{\376\377\000A\000P\000I\000s\000\040\000a\000n\000d\000\040\000L\000i\000b\000r\000a\000r\000i\000e\000s}{}% 1
\BOOKMARK [1][-]{section.1.1}{\376\377\000F\000i\000l\000e\000s\000y\000s\000t\000e\000m}{chapter.1}% 2
\BOOKMARK [1][-]{section.1.2}{\376\377\000H\000e\000x\000u\000t\000i\000l\000s}{chapter.1}% 3
\BOOKMARK [1][-]{section.1.3}{\376\377\000I\000n\000p\000u\000t}{chapter.1}% 4
\BOOKMARK [1][-]{section.1.4}{\376\377\000K\000e\000y\000s}{chapter.1}% 5
\BOOKMARK [1][-]{section.1.5}{\376\377\000O\000S}{chapter.1}% 6
\BOOKMARK [1][-]{section.1.6}{\376\377\000S\000e\000c\000u\000r\000i\000t\000y}{chapter.1}% 7
\BOOKMARK [1][-]{section.1.7}{\376\377\000S\000h\000e\000l\000l}{chapter.1}% 8
\BOOKMARK [1][-]{section.1.8}{\376\377\000S\000p\000e\000a\000k\000e\000r}{chapter.1}% 9
\BOOKMARK [1][-]{section.1.9}{\376\377\000T\000e\000r\000m\000i\000n\000a\000l}{chapter.1}% 10
\BOOKMARK [1][-]{section.1.10}{\376\377\000L\000u\000a\000\040\000G\000l\000o\000b\000a\000l\000s}{chapter.1}% 11
\BOOKMARK [1][-]{section.1.11}{\376\377\000M\000a\000c\000h\000i\000n\000e}{chapter.1}% 12
\BOOKMARK [0][-]{chapter.2}{\376\377\000C\000o\000m\000p\000a\000t\000i\000b\000i\000l\000i\000t\000y\000\040\000L\000a\000y\000e\000r\000s\040\024\000C\000o\000m\000p\000u\000t\000e\000r\000C\000r\000a\000f\000t}{}% 13
\BOOKMARK [1][-]{section.2.1}{\376\377\000B\000i\000t}{chapter.2}% 14
\BOOKMARK [1][-]{section.2.2}{\376\377\000C\000o\000l\000o\000r\000s}{chapter.2}% 15
\BOOKMARK [1][-]{section.2.3}{\376\377\000T\000e\000r\000m}{chapter.2}% 16
\BOOKMARK [1][-]{section.2.4}{\376\377\000F\000i\000l\000e\000s\000y\000s\000t\000e\000m}{chapter.2}% 17
\BOOKMARK [0][-]{chapter.3}{\376\377\000C\000o\000m\000p\000a\000t\000i\000b\000i\000l\000i\000t\000y\000\040\000L\000a\000y\000e\000r\000s\040\024\000O\000p\000e\000n\000C\000o\000m\000p\000u\000t\000e\000r\000s}{}% 18
\BOOKMARK [0][-]{chapter.4}{\376\377\000P\000e\000r\000i\000p\000h\000e\000r\000a\000l\000s}{}% 19
\BOOKMARK [1][-]{section.4.1}{\376\377\000L\000i\000n\000e\000\040\000P\000r\000i\000n\000t\000e\000r}{chapter.4}% 20
\BOOKMARK [0][-]{chapter.5}{\376\377\000R\000e\000f\000e\000r\000e\000n\000c\000e\000s}{}% 21
